<?xml version="1.0" encoding="UTF-8"?>
<testsuite xmlns:xsi="http://www.w3.org/2001/XMLSchema-instance" xsi:noNamespaceSchemaLocation="https://maven.apache.org/surefire/maven-surefire-plugin/xsd/surefire-test-report-3.0.xsd" version="3.0" name="TestSuite" time="48.711" tests="74" errors="0" skipped="19" failures="47">
  <properties>
[...]
</properties>
  <testcase name="testAdminCanUpdateOtherAdmins" classname="api.PlayerAdminEditorTest" time="0.445">
    <failure message="Response body is empty; cannot map to PlayerResponse" type="java.lang.AssertionError"><![CDATA[java.lang.AssertionError: Response body is empty; cannot map to PlayerResponse
	at api.client.ResponseWrapper.readEntity(ResponseWrapper.java:36)
	at api.PlayerAdminEditorTest.verifyPlayerFieldUpdate(PlayerAdminEditorTest.java:112)
	at api.PlayerAdminEditorTest.testAdminCanUpdateOtherAdmins(PlayerAdminEditorTest.java:77)
	at java.base/jdk.internal.reflect.DirectMethodHandleAccessor.invoke(DirectMethodHandleAccessor.java:104)
	at java.base/java.lang.reflect.Method.invoke(Method.java:577)
	at org.testng.internal.invokers.MethodInvocationHelper.invokeMethod(MethodInvocationHelper.java:139)
	at org.testng.internal.invokers.TestInvoker.invokeMethod(TestInvoker.java:664)
	at org.testng.internal.invokers.TestInvoker.invokeTestMethod(TestInvoker.java:228)
	at org.testng.internal.invokers.MethodRunner.runInSequence(MethodRunner.java:63)
	at org.testng.internal.invokers.TestInvoker$MethodInvocationAgent.invoke(TestInvoker.java:961)
	at org.testng.internal.invokers.TestInvoker.invokeTestMethods(TestInvoker.java:201)
	at org.testng.internal.invokers.TestMethodWorker.invokeTestMethods(TestMethodWorker.java:148)
	at org.testng.internal.invokers.TestMethodWorker.run(TestMethodWorker.java:128)
	at java.base/java.util.concurrent.Executors$RunnableAdapter.call(Executors.java:539)
	at java.base/java.util.concurrent.FutureTask.run(FutureTask.java:264)
	at org.testng.internal.thread.graph.TestNGFutureTask.run(TestNGFutureTask.java:22)
	at java.base/java.util.concurrent.ThreadPoolExecutor.runWorker(ThreadPoolExecutor.java:1136)
	at java.base/java.util.concurrent.ThreadPoolExecutor$Worker.run(ThreadPoolExecutor.java:635)
	at java.base/java.lang.Thread.run(Thread.java:833)
]]></failure>
    <system-out><![CDATA[2025-08-10 20:07:46.616 [TestNG-test-Player Controller Tests-2] INFO  a.PlayerUpdateTest - Setting up PlayerUpdateTest
2025-08-10 20:07:46.615 [TestNG-test-Player Controller Tests-3] INFO  a.PlayerControllerTest - Setting up PlayerControllerTest
2025-08-10 20:07:46.615 [TestNG-test-Player Controller Tests-1] INFO  a.PlayerUpdateTest - Setting up PlayerUpdateTest
2025-08-10 20:07:48.133 [TestNG-test-Player Controller Tests-2] INFO  a.c.RestClient - Initializing RestClient with baseUri=http://3.68.165.45, contentType=application/json
2025-08-10 20:07:48.133 [TestNG-test-Player Controller Tests-1] INFO  a.c.RestClient - Initializing RestClient with baseUri=http://3.68.165.45, contentType=application/json
2025-08-10 20:07:48.133 [TestNG-test-Player Controller Tests-3] INFO  a.c.RestClient - Initializing RestClient with baseUri=http://3.68.165.45, contentType=application/json
2025-08-10 20:07:49.049 [TestNG-test-Player Controller Tests-3] INFO  a.PlayerControllerTest - Testing complete player lifecycle: Create -> Get -> Update -> Delete
2025-08-10 20:07:49.198 [TestNG-test-Player Controller Tests-1] INFO  c.PropertiesReader - Loaded configuration from: src/main/resources/prod/config.properties
2025-08-10 20:07:49.925 [TestNG-test-Player Controller Tests-2] INFO  a.c.RestClient - Creating player with editor: supervisor, player: Player{age=46, gender='male', login='carrol.collier', role='admin', screenName='db31c56b'}
2025-08-10 20:07:49.925 [TestNG-test-Player Controller Tests-1] INFO  a.c.RestClient - Creating player with editor: supervisor, player: Player{age=58, gender='female', login='eusebio.boehm', role='admin', screenName='34a96888'}
2025-08-10 20:07:49.925 [TestNG-test-Player Controller Tests-3] INFO  a.c.RestClient - Creating player with editor: supervisor, player: Player{age=20, gender='male', login='rose.beahan', role='user', screenName='42dae3a4'}
2025-08-10 20:07:49.927 [TestNG-test-Player Controller Tests-2] INFO  a.c.RestClient - HTTP GET /player/create/{editor}
2025-08-10 20:07:49.927 [TestNG-test-Player Controller Tests-1] INFO  a.c.RestClient - HTTP GET /player/create/{editor}
2025-08-10 20:07:49.927 [TestNG-test-Player Controller Tests-3] INFO  a.c.RestClient - HTTP GET /player/create/{editor}
Request method:	GET
Request URI:	http://3.68.165.45/player/create/supervisor?password=vP9aZY9hXw&role=admin&gender=male&screenName=db31c56b&login=carrol.collier&age=46
Proxy:			<none>
Request params:	<none>
Query params:	password=vP9aZY9hXw
				role=admin
				gender=male
				screenName=db31c56b
				login=carrol.collier
				age=46
Form params:	<none>
Path params:	editor=supervisor
Headers:		Accept=*/*
				Content-Type=application/json
Cookies:		<none>
Multiparts:		<none>
Body:			<none>
Request method:	GET
Request URI:	http://3.68.165.45/player/create/supervisor?password=vCJ7zR3xpDq4O&role=admin&gender=female&screenName=34a96888&login=eusebio.boehm&age=58
Proxy:			<none>
Request params:	<none>
Query params:	password=vCJ7zR3xpDq4O
				role=admin
				gender=female
				screenName=34a96888
				login=eusebio.boehm
				age=58
Form params:	<none>
Path params:	editor=supervisor
Headers:		Accept=*/*
				Content-Type=application/json
Cookies:		<none>
Multiparts:		<none>
Body:			<none>
Request method:	GET
Request URI:	http://3.68.165.45/player/create/supervisor?password=pPuDs3a8qq8t&role=user&gender=male&screenName=42dae3a4&login=rose.beahan&age=20
Proxy:			<none>
Request params:	<none>
Query params:	password=pPuDs3a8qq8t
				role=user
				gender=male
				screenName=42dae3a4
				login=rose.beahan
				age=20
Form params:	<none>
Path params:	editor=supervisor
Headers:		Accept=*/*
				Content-Type=application/json
Cookies:		<none>
Multiparts:		<none>
Body:			<none>
2025-08-10 20:07:53.237 [TestNG-test-Player Controller Tests-3] INFO  a.c.RestClient - HTTP GET /player/create/{editor} -> 200 (1018 ms)
2025-08-10 20:07:53.237 [TestNG-test-Player Controller Tests-2] INFO  a.c.RestClient - HTTP GET /player/create/{editor} -> 200 (1024 ms)
2025-08-10 20:07:53.243 [TestNG-test-Player Controller Tests-1] INFO  a.c.RestClient - HTTP GET /player/create/{editor} -> 200 (1025 ms)
HTTP/1.1 200 
Content-Type: application/json
Transfer-Encoding: chunked
Date: Sun, 10 Aug 2025 17:08:02 GMT
Keep-Alive: timeout=60
Connection: keep-alive

{
    "id": 697792345,
    "login": "rose.beahan",
    "password": null,
    "screenName": null,
    "gender": null,
    "age": null,
    "role": null
}
HTTP/1.1 200 
Content-Type: application/json
Transfer-Encoding: chunked
Date: Sun, 10 Aug 2025 17:08:02 GMT
Keep-Alive: timeout=60
Connection: keep-alive

{
    "id": 918888193,
    "login": "carrol.collier",
    "password": null,
    "screenName": null,
    "gender": null,
    "age": null,
    "role": null
}
HTTP/1.1 200 
Content-Type: application/json
Transfer-Encoding: chunked
Date: Sun, 10 Aug 2025 17:08:02 GMT
Keep-Alive: timeout=60
Connection: keep-alive

{
    "id": 1102422187,
    "login": "eusebio.boehm",
    "password": null,
    "screenName": null,
    "gender": null,
    "age": null,
    "role": null
}
2025-08-10 20:07:53.782 [TestNG-test-Player Controller Tests-2] INFO  a.PlayerUpdateTest - Created first admin with ID: 918888193
2025-08-10 20:07:53.782 [TestNG-test-Player Controller Tests-1] INFO  a.PlayerUpdateTest - Created first admin with ID: 1102422187
2025-08-10 20:07:53.782 [TestNG-test-Player Controller Tests-3] INFO  a.PlayerControllerTest - Step 1: Created player with ID: 697792345
2025-08-10 20:07:53.784 [TestNG-test-Player Controller Tests-3] INFO  a.c.RestClient - Getting player with ID: 697792345
2025-08-10 20:07:53.784 [TestNG-test-Player Controller Tests-2] INFO  a.c.RestClient - Creating player with editor: supervisor, player: Player{age=26, gender='female', login='elton.fisher', role='admin', screenName='8ead9e7f'}
2025-08-10 20:07:53.785 [TestNG-test-Player Controller Tests-3] INFO  a.c.RestClient - HTTP POST /player/get
2025-08-10 20:07:53.785 [TestNG-test-Player Controller Tests-2] INFO  a.c.RestClient - HTTP GET /player/create/{editor}
2025-08-10 20:07:53.793 [TestNG-test-Player Controller Tests-1] INFO  a.c.RestClient - Creating player with editor: supervisor, player: Player{age=25, gender='female', login='venita.zulauf', role='admin', screenName='6efa9b94'}
2025-08-10 20:07:53.794 [TestNG-test-Player Controller Tests-1] INFO  a.c.RestClient - HTTP GET /player/create/{editor}
Request method:	GET
Request URI:	http://3.68.165.45/player/create/supervisor?password=H3Ifo8MuI009w&role=admin&gender=female&screenName=8ead9e7f&login=elton.fisher&age=26
Proxy:			<none>
Request params:	<none>
Query params:	password=H3Ifo8MuI009w
				role=admin
				gender=female
				screenName=8ead9e7f
				login=elton.fisher
				age=26
Form params:	<none>
Path params:	editor=supervisor
Headers:		Accept=*/*
				Content-Type=application/json
Cookies:		<none>
Multiparts:		<none>
Body:			<none>
Request method:	GET
Request URI:	http://3.68.165.45/player/create/supervisor?password=uk56q2xD&role=admin&gender=female&screenName=6efa9b94&login=venita.zulauf&age=25
Proxy:			<none>
Request params:	<none>
Query params:	password=uk56q2xD
				role=admin
				gender=female
				screenName=6efa9b94
				login=venita.zulauf
				age=25
Form params:	<none>
Path params:	editor=supervisor
Headers:		Accept=*/*
				Content-Type=application/json
Cookies:		<none>
Multiparts:		<none>
Body:			<none>
2025-08-10 20:07:53.915 [TestNG-test-Player Controller Tests-2] INFO  a.c.RestClient - HTTP GET /player/create/{editor} -> 200 (70 ms)
HTTP/1.1 200 
Content-Type: application/json
Transfer-Encoding: chunked
Date: Sun, 10 Aug 2025 17:08:02 GMT
Keep-Alive: timeout=60
Connection: keep-alive

{
    "id": 1250264091,
    "login": "elton.fisher",
    "password": null,
    "screenName": null,
    "gender": null,
    "age": null,
    "role": null
}
2025-08-10 20:07:53.915 [TestNG-test-Player Controller Tests-2] INFO  a.PlayerUpdateTest - Created second admin with ID: 1250264091
2025-08-10 20:07:53.919 [TestNG-test-Player Controller Tests-1] INFO  a.c.RestClient - HTTP GET /player/create/{editor} -> 200 (66 ms)
HTTP/1.1 200 
Content-Type: application/json
Transfer-Encoding: chunked
Date: Sun, 10 Aug 2025 17:08:02 GMT
Keep-Alive: timeout=60
Connection: keep-alive

{
    "id": 601095064,
    "login": "venita.zulauf",
    "password": null,
    "screenName": null,
    "gender": null,
    "age": null,
    "role": null
}
2025-08-10 20:07:53.921 [TestNG-test-Player Controller Tests-1] INFO  a.PlayerUpdateTest - Created second admin with ID: 601095064
2025-08-10 20:07:53.937 [TestNG-test-Player Controller Tests-2] INFO  a.PlayerUpdateTest - Testing admin can update other admins
2025-08-10 20:07:53.939 [TestNG-test-Player Controller Tests-2] INFO  a.c.RestClient - Updating player with editor: eusebio.boehm, playerId: 601095064, player: Player{age=40, gender='null', login='null', role='null', screenName='null'}
2025-08-10 20:07:53.939 [TestNG-test-Player Controller Tests-2] INFO  a.c.RestClient - HTTP PATCH /player/update/{editor}/{id}
2025-08-10 20:07:53.940 [TestNG-test-Player Controller Tests-1] INFO  a.PlayerUpdateTest - Testing admin can delete other admins
2025-08-10 20:07:53.940 [TestNG-test-Player Controller Tests-1] INFO  a.c.RestClient - Deleting player with editor: eusebio.boehm, playerId: 601095064
2025-08-10 20:07:53.942 [TestNG-test-Player Controller Tests-1] INFO  a.c.RestClient - HTTP DELETE /player/delete/{editor}
Request method:	POST
Request URI:	http://3.68.165.45/player/get
Proxy:			<none>
Request params:	<none>
Query params:	<none>
Form params:	<none>
Path params:	<none>
Headers:		Accept=*/*
				Content-Type=application/json
Cookies:		<none>
Multiparts:		<none>
Body:
{
    "playerId": 697792345
}
Request method:	DELETE
Request URI:	http://3.68.165.45/player/delete/eusebio.boehm
Proxy:			<none>
Request params:	<none>
Query params:	<none>
Form params:	<none>
Path params:	editor=eusebio.boehm
Headers:		Accept=*/*
				Content-Type=application/json
Cookies:		<none>
Multiparts:		<none>
Body:
{
    "playerId": 601095064
}
Request method:	PATCH
Request URI:	http://3.68.165.45/player/update/eusebio.boehm/601095064
Proxy:			<none>
Request params:	<none>
Query params:	<none>
Form params:	<none>
Path params:	editor=eusebio.boehm
				id=601095064
Headers:		Accept=*/*
				Content-Type=application/json
Cookies:		<none>
Multiparts:		<none>
Body:
{
    "age": 40
}
2025-08-10 20:07:54.236 [TestNG-test-Player Controller Tests-2] INFO  a.c.RestClient - HTTP PATCH /player/update/{editor}/{id} -> 200 (71 ms)
2025-08-10 20:07:54.236 [TestNG-test-Player Controller Tests-2] INFO  a.PlayerUpdateTest - Successfully updated admin by another admin
2025-08-10 20:07:54.237 [TestNG-test-Player Controller Tests-2] INFO  a.c.RestClient - Getting player with ID: 601095064
2025-08-10 20:07:54.238 [TestNG-test-Player Controller Tests-2] INFO  a.c.RestClient - HTTP POST /player/get
2025-08-10 20:07:54.242 [TestNG-test-Player Controller Tests-3] INFO  a.c.RestClient - HTTP POST /player/get -> 200 (92 ms)
HTTP/1.1 200 
Content-Type: application/json
Transfer-Encoding: chunked
Date: Sun, 10 Aug 2025 17:08:03 GMT
Keep-Alive: timeout=60
Connection: keep-alive

{
    "id": 697792345,
    "login": "rose.beahan",
    "password": "pPuDs3a8qq8t",
    "screenName": "42dae3a4",
    "gender": "male",
    "age": 20,
    "role": "user"
}
Request method:	POST
Request URI:	http://3.68.165.45/player/get
Proxy:			<none>
Request params:	<none>
Query params:	<none>
Form params:	<none>
Path params:	<none>
Headers:		Accept=*/*
				Content-Type=application/json
Cookies:		<none>
Multiparts:		<none>
Body:
{
    "playerId": 601095064
}
2025-08-10 20:07:54.261 [TestNG-test-Player Controller Tests-3] INFO  a.PlayerControllerTest - Step 2: Successfully retrieved and validated player data
2025-08-10 20:07:54.263 [TestNG-test-Player Controller Tests-3] INFO  a.c.RestClient - Updating player with editor: supervisor, playerId: 697792345, player: Player{age=30, gender='female', login='null', role='null', screenName='null'}
2025-08-10 20:07:54.263 [TestNG-test-Player Controller Tests-3] INFO  a.c.RestClient - HTTP PATCH /player/update/{editor}/{id}
2025-08-10 20:07:54.273 [TestNG-test-Player Controller Tests-1] INFO  a.c.RestClient - HTTP DELETE /player/delete/{editor} -> 204 (93 ms)
HTTP/1.1 204 
Date: Sun, 10 Aug 2025 17:08:03 GMT
Keep-Alive: timeout=60
Connection: keep-alive
2025-08-10 20:07:54.275 [TestNG-test-Player Controller Tests-1] INFO  a.PlayerUpdateTest - Successfully deleted admin by another admin
2025-08-10 20:07:54.275 [TestNG-test-Player Controller Tests-1] INFO  a.c.RestClient - Getting player with ID: 601095064
Request method:	PATCH
Request URI:	http://3.68.165.45/player/update/supervisor/697792345
Proxy:			<none>
Request params:	<none>
Query params:	<none>
Form params:	<none>
Path params:	editor=supervisor
				id=697792345
Headers:		Accept=*/*
				Content-Type=application/json
Cookies:		<none>
Multiparts:		<none>
Body:
{
    "age": 30,
    "gender": "female"
}
2025-08-10 20:07:54.277 [TestNG-test-Player Controller Tests-1] INFO  a.c.RestClient - HTTP POST /player/get
Request method:	POST
Request URI:	http://3.68.165.45/player/get
Proxy:			<none>
Request params:	<none>
Query params:	<none>
Form params:	<none>
Path params:	<none>
Headers:		Accept=*/*
				Content-Type=application/json
Cookies:		<none>
Multiparts:		<none>
Body:
{
    "playerId": 601095064
}
2025-08-10 20:07:54.361 [TestNG-test-Player Controller Tests-2] INFO  a.c.RestClient - HTTP POST /player/get -> 200 (76 ms)
HTTP/1.1 200 
Content-Length: 0
Date: Sun, 10 Aug 2025 17:08:03 GMT
Keep-Alive: timeout=60
Connection: keep-alive
]]></system-out>
  </testcase>
  <testcase name="testAdminCanDeleteOtherAdmins" classname="api.PlayerAdminEditorTest" time="0.582">
    <failure message="Expected HTTP status code 404, but was 200 expected [404] but found [200]" type="java.lang.AssertionError"><![CDATA[java.lang.AssertionError: Expected HTTP status code 404, but was 200 expected [404] but found [200]
	at org.testng.Assert.fail(Assert.java:111)
	at org.testng.Assert.failNotEquals(Assert.java:1578)
	at org.testng.Assert.assertEqualsImpl(Assert.java:150)
	at org.testng.Assert.assertEquals(Assert.java:132)
	at org.testng.Assert.assertEquals(Assert.java:1419)
	at org.testng.Assert.assertEquals(Assert.java:1383)
	at api.client.ResponseWrapper.expectingStatusCode(ResponseWrapper.java:49)
	at api.PlayerAdminEditorTest.verifyPlayerDeletion(PlayerAdminEditorTest.java:140)
	at api.PlayerAdminEditorTest.testAdminCanDeleteOtherAdmins(PlayerAdminEditorTest.java:89)
	at java.base/jdk.internal.reflect.DirectMethodHandleAccessor.invoke(DirectMethodHandleAccessor.java:104)
	at java.base/java.lang.reflect.Method.invoke(Method.java:577)
	at org.testng.internal.invokers.MethodInvocationHelper.invokeMethod(MethodInvocationHelper.java:139)
	at org.testng.internal.invokers.TestInvoker.invokeMethod(TestInvoker.java:664)
	at org.testng.internal.invokers.TestInvoker.invokeTestMethod(TestInvoker.java:228)
	at org.testng.internal.invokers.MethodRunner.runInSequence(MethodRunner.java:63)
	at org.testng.internal.invokers.TestInvoker$MethodInvocationAgent.invoke(TestInvoker.java:961)
	at org.testng.internal.invokers.TestInvoker.invokeTestMethods(TestInvoker.java:201)
	at org.testng.internal.invokers.TestMethodWorker.invokeTestMethods(TestMethodWorker.java:148)
	at org.testng.internal.invokers.TestMethodWorker.run(TestMethodWorker.java:128)
	at java.base/java.util.concurrent.Executors$RunnableAdapter.call(Executors.java:539)
	at java.base/java.util.concurrent.FutureTask.run(FutureTask.java:264)
	at org.testng.internal.thread.graph.TestNGFutureTask.run(TestNGFutureTask.java:22)
	at java.base/java.util.concurrent.ThreadPoolExecutor.runWorker(ThreadPoolExecutor.java:1136)
	at java.base/java.util.concurrent.ThreadPoolExecutor$Worker.run(ThreadPoolExecutor.java:635)
	at java.base/java.lang.Thread.run(Thread.java:833)
]]></failure>
    <system-out><![CDATA[2025-08-10 20:07:54.391 [TestNG-test-Player Controller Tests-3] INFO  a.c.RestClient - HTTP PATCH /player/update/{editor}/{id} -> 200 (66 ms)
2025-08-10 20:07:54.391 [TestNG-test-Player Controller Tests-3] INFO  a.PlayerControllerTest - Step 3: Successfully updated player
2025-08-10 20:07:54.392 [TestNG-test-Player Controller Tests-3] INFO  a.c.RestClient - Getting player with ID: 697792345
2025-08-10 20:07:54.392 [TestNG-test-Player Controller Tests-3] INFO  a.c.RestClient - HTTP POST /player/get
Request method:	POST
Request URI:	http://3.68.165.45/player/get
Proxy:			<none>
Request params:	<none>
Query params:	<none>
Form params:	<none>
Path params:	<none>
Headers:		Accept=*/*
				Content-Type=application/json
Cookies:		<none>
Multiparts:		<none>
Body:
{
    "playerId": 697792345
}
2025-08-10 20:07:54.418 [TestNG-test-Player Controller Tests-2] INFO  a.PlayerUpdateTest - Cleaning up 8 created players
2025-08-10 20:07:54.418 [TestNG-test-Player Controller Tests-2] INFO  a.c.RestClient - Deleting player with editor: supervisor, playerId: 918888193
2025-08-10 20:07:54.419 [TestNG-test-Player Controller Tests-2] INFO  a.c.RestClient - HTTP DELETE /player/delete/{editor}
2025-08-10 20:07:54.419 [TestNG-test-Player Controller Tests-1] INFO  a.c.RestClient - HTTP POST /player/get -> 200 (72 ms)
HTTP/1.1 200 
Content-Length: 0
Date: Sun, 10 Aug 2025 17:08:03 GMT
Keep-Alive: timeout=60
Connection: keep-alive
Request method:	DELETE
Request URI:	http://3.68.165.45/player/delete/supervisor
Proxy:			<none>
Request params:	<none>
Query params:	<none>
Form params:	<none>
Path params:	editor=supervisor
Headers:		Accept=*/*
				Content-Type=application/json
Cookies:		<none>
Multiparts:		<none>
Body:
{
    "playerId": 918888193
}
]]></system-out>
  </testcase>
  <testcase name="testCompletePlayerLifecycle" classname="api.PlayerControllerTest" time="0.835">
    <failure message="Expected HTTP status code 404, but was 200 expected [404] but found [200]" type="java.lang.AssertionError"><![CDATA[java.lang.AssertionError: Expected HTTP status code 404, but was 200 expected [404] but found [200]
	at org.testng.Assert.fail(Assert.java:111)
	at org.testng.Assert.failNotEquals(Assert.java:1578)
	at org.testng.Assert.assertEqualsImpl(Assert.java:150)
	at org.testng.Assert.assertEquals(Assert.java:132)
	at org.testng.Assert.assertEquals(Assert.java:1419)
	at org.testng.Assert.assertEquals(Assert.java:1383)
	at api.client.ResponseWrapper.expectingStatusCode(ResponseWrapper.java:49)
	at api.PlayerControllerTest.testCompletePlayerLifecycle(PlayerControllerTest.java:113)
	at java.base/jdk.internal.reflect.DirectMethodHandleAccessor.invoke(DirectMethodHandleAccessor.java:104)
	at java.base/java.lang.reflect.Method.invoke(Method.java:577)
	at org.testng.internal.invokers.MethodInvocationHelper.invokeMethod(MethodInvocationHelper.java:139)
	at org.testng.internal.invokers.TestInvoker.invokeMethod(TestInvoker.java:664)
	at org.testng.internal.invokers.TestInvoker.invokeTestMethod(TestInvoker.java:228)
	at org.testng.internal.invokers.MethodRunner.runInSequence(MethodRunner.java:63)
	at org.testng.internal.invokers.TestInvoker$MethodInvocationAgent.invoke(TestInvoker.java:961)
	at org.testng.internal.invokers.TestInvoker.invokeTestMethods(TestInvoker.java:201)
	at org.testng.internal.invokers.TestMethodWorker.invokeTestMethods(TestMethodWorker.java:148)
	at org.testng.internal.invokers.TestMethodWorker.run(TestMethodWorker.java:128)
	at java.base/java.util.concurrent.Executors$RunnableAdapter.call(Executors.java:539)
	at java.base/java.util.concurrent.FutureTask.run(FutureTask.java:264)
	at org.testng.internal.thread.graph.TestNGFutureTask.run(TestNGFutureTask.java:22)
	at java.base/java.util.concurrent.ThreadPoolExecutor.runWorker(ThreadPoolExecutor.java:1136)
	at java.base/java.util.concurrent.ThreadPoolExecutor$Worker.run(ThreadPoolExecutor.java:635)
	at java.base/java.lang.Thread.run(Thread.java:833)
]]></failure>
    <system-out><![CDATA[2025-08-10 20:07:54.457 [TestNG-test-Player Controller Tests-1] INFO  a.PlayerUpdateTest - Cleaning up 8 created players
2025-08-10 20:07:54.458 [TestNG-test-Player Controller Tests-1] INFO  a.c.RestClient - Deleting player with editor: supervisor, playerId: 918888193
2025-08-10 20:07:54.459 [TestNG-test-Player Controller Tests-1] INFO  a.c.RestClient - HTTP DELETE /player/delete/{editor}
Request method:	DELETE
Request URI:	http://3.68.165.45/player/delete/supervisor
Proxy:			<none>
Request params:	<none>
Query params:	<none>
Form params:	<none>
Path params:	editor=supervisor
Headers:		Accept=*/*
				Content-Type=application/json
Cookies:		<none>
Multiparts:		<none>
Body:
{
    "playerId": 918888193
}
2025-08-10 20:07:54.513 [TestNG-test-Player Controller Tests-3] INFO  a.c.RestClient - HTTP POST /player/get -> 200 (72 ms)
HTTP/1.1 200 
Content-Type: application/json
Transfer-Encoding: chunked
Date: Sun, 10 Aug 2025 17:08:03 GMT
Keep-Alive: timeout=60
Connection: keep-alive

{
    "id": 697792345,
    "login": "rose.beahan",
    "password": "pPuDs3a8qq8t",
    "screenName": "42dae3a4",
    "gender": "female",
    "age": 30,
    "role": "user"
}
2025-08-10 20:07:54.514 [TestNG-test-Player Controller Tests-3] INFO  a.PlayerControllerTest - Step 4: Successfully verified player updates
2025-08-10 20:07:54.515 [TestNG-test-Player Controller Tests-3] INFO  a.c.RestClient - Deleting player with editor: supervisor, playerId: 697792345
2025-08-10 20:07:54.516 [TestNG-test-Player Controller Tests-3] INFO  a.c.RestClient - HTTP DELETE /player/delete/{editor}
Request method:	DELETE
Request URI:	http://3.68.165.45/player/delete/supervisor
Proxy:			<none>
Request params:	<none>
Query params:	<none>
Form params:	<none>
Path params:	editor=supervisor
Headers:		Accept=*/*
				Content-Type=application/json
Cookies:		<none>
Multiparts:		<none>
Body:
{
    "playerId": 697792345
}
2025-08-10 20:07:54.564 [TestNG-test-Player Controller Tests-2] INFO  a.c.RestClient - HTTP DELETE /player/delete/{editor} -> 204 (87 ms)
HTTP/1.1 204 
Date: Sun, 10 Aug 2025 17:08:03 GMT
Keep-Alive: timeout=60
Connection: keep-alive
2025-08-10 20:07:54.564 [TestNG-test-Player Controller Tests-2] INFO  a.PlayerUpdateTest - Cleaned up player with ID: 918888193
2025-08-10 20:07:54.565 [TestNG-test-Player Controller Tests-2] INFO  a.c.RestClient - Deleting player with editor: supervisor, playerId: 918888193
2025-08-10 20:07:54.565 [TestNG-test-Player Controller Tests-2] INFO  a.c.RestClient - HTTP DELETE /player/delete/{editor}
Request method:	DELETE
Request URI:	http://3.68.165.45/player/delete/supervisor
Proxy:			<none>
Request params:	<none>
Query params:	<none>
Form params:	<none>
Path params:	editor=supervisor
Headers:		Accept=*/*
				Content-Type=application/json
Cookies:		<none>
Multiparts:		<none>
Body:
{
    "playerId": 918888193
}
2025-08-10 20:07:54.598 [TestNG-test-Player Controller Tests-1] INFO  a.c.RestClient - HTTP DELETE /player/delete/{editor} -> 403 (74 ms)
HTTP/1.1 403 
Content-Length: 0
Date: Sun, 10 Aug 2025 17:08:03 GMT
Keep-Alive: timeout=60
Connection: keep-alive
2025-08-10 20:07:54.600 [TestNG-test-Player Controller Tests-1] INFO  a.PlayerUpdateTest - Cleaned up player with ID: 918888193
2025-08-10 20:07:54.600 [TestNG-test-Player Controller Tests-1] INFO  a.c.RestClient - Deleting player with editor: supervisor, playerId: 918888193
2025-08-10 20:07:54.600 [TestNG-test-Player Controller Tests-1] INFO  a.c.RestClient - HTTP DELETE /player/delete/{editor}
Request method:	DELETE
Request URI:	http://3.68.165.45/player/delete/supervisor
Proxy:			<none>
Request params:	<none>
Query params:	<none>
Form params:	<none>
Path params:	editor=supervisor
Headers:		Accept=*/*
				Content-Type=application/json
Cookies:		<none>
Multiparts:		<none>
Body:
{
    "playerId": 918888193
}
2025-08-10 20:07:54.656 [TestNG-test-Player Controller Tests-3] INFO  a.c.RestClient - HTTP DELETE /player/delete/{editor} -> 204 (75 ms)
HTTP/1.1 204 
Date: Sun, 10 Aug 2025 17:08:03 GMT
Keep-Alive: timeout=60
Connection: keep-alive
2025-08-10 20:07:54.657 [TestNG-test-Player Controller Tests-3] INFO  a.PlayerControllerTest - Step 5: Successfully deleted player
2025-08-10 20:07:54.657 [TestNG-test-Player Controller Tests-3] INFO  a.c.RestClient - Getting player with ID: 697792345
2025-08-10 20:07:54.658 [TestNG-test-Player Controller Tests-3] INFO  a.c.RestClient - HTTP POST /player/get
Request method:	POST
Request URI:	http://3.68.165.45/player/get
Proxy:			<none>
Request params:	<none>
Query params:	<none>
Form params:	<none>
Path params:	<none>
Headers:		Accept=*/*
				Content-Type=application/json
Cookies:		<none>
Multiparts:		<none>
Body:
{
    "playerId": 697792345
}
2025-08-10 20:07:54.680 [TestNG-test-Player Controller Tests-2] INFO  a.c.RestClient - HTTP DELETE /player/delete/{editor} -> 403 (67 ms)
HTTP/1.1 403 
Content-Length: 0
Date: Sun, 10 Aug 2025 17:08:03 GMT
Keep-Alive: timeout=60
Connection: keep-alive
2025-08-10 20:07:54.680 [TestNG-test-Player Controller Tests-2] INFO  a.PlayerUpdateTest - Cleaned up player with ID: 918888193
2025-08-10 20:07:54.682 [TestNG-test-Player Controller Tests-2] INFO  a.c.RestClient - Deleting player with editor: supervisor, playerId: 1102422187
2025-08-10 20:07:54.682 [TestNG-test-Player Controller Tests-2] INFO  a.c.RestClient - HTTP DELETE /player/delete/{editor}
Request method:	DELETE
Request URI:	http://3.68.165.45/player/delete/supervisor
Proxy:			<none>
Request params:	<none>
Query params:	<none>
Form params:	<none>
Path params:	editor=supervisor
Headers:		Accept=*/*
				Content-Type=application/json
Cookies:		<none>
Multiparts:		<none>
Body:
{
    "playerId": 1102422187
}
2025-08-10 20:07:54.730 [TestNG-test-Player Controller Tests-1] INFO  a.c.RestClient - HTTP DELETE /player/delete/{editor} -> 403 (65 ms)
HTTP/1.1 403 
Content-Length: 0
Date: Sun, 10 Aug 2025 17:08:03 GMT
Keep-Alive: timeout=60
Connection: keep-alive
2025-08-10 20:07:54.730 [TestNG-test-Player Controller Tests-1] INFO  a.PlayerUpdateTest - Cleaned up player with ID: 918888193
2025-08-10 20:07:54.730 [TestNG-test-Player Controller Tests-1] INFO  a.c.RestClient - Deleting player with editor: supervisor, playerId: 1102422187
2025-08-10 20:07:54.732 [TestNG-test-Player Controller Tests-1] INFO  a.c.RestClient - HTTP DELETE /player/delete/{editor}
Request method:	DELETE
Request URI:	http://3.68.165.45/player/delete/supervisor
Proxy:			<none>
Request params:	<none>
Query params:	<none>
Form params:	<none>
Path params:	editor=supervisor
Headers:		Accept=*/*
				Content-Type=application/json
Cookies:		<none>
Multiparts:		<none>
Body:
{
    "playerId": 1102422187
}
2025-08-10 20:07:54.772 [TestNG-test-Player Controller Tests-3] INFO  a.c.RestClient - HTTP POST /player/get -> 200 (67 ms)
HTTP/1.1 200 
Content-Length: 0
Date: Sun, 10 Aug 2025 17:08:03 GMT
Keep-Alive: timeout=60
Connection: keep-alive
]]></system-out>
  </testcase>
  <testcase name="testDataConsistencyWorkflow" classname="api.PlayerControllerTest" time="0.538">
    <system-out><![CDATA[2025-08-10 20:08:05.310 [TestNG-test-Player Controller Tests-1] INFO  a.PlayerGetTest - Setting up PlayerGetTest
2025-08-10 20:08:05.311 [TestNG-test-Player Controller Tests-1] INFO  a.c.RestClient - Initializing RestClient with baseUri=http://3.68.165.45, contentType=application/json
2025-08-10 20:08:05.312 [TestNG-test-Player Controller Tests-1] INFO  a.c.RestClient - Creating player with editor: supervisor, player: Player{age=51, gender='female', login='mose.kuvalis', role='user', screenName='658157ae'}
2025-08-10 20:08:05.312 [TestNG-test-Player Controller Tests-1] INFO  a.c.RestClient - HTTP GET /player/create/{editor}
Request method:	GET
Request URI:	http://3.68.165.45/player/create/supervisor?password=VgR2B0938&role=user&gender=female&screenName=658157ae&login=mose.kuvalis&age=51
Proxy:			<none>
Request params:	<none>
Query params:	password=VgR2B0938
				role=user
				gender=female
				screenName=658157ae
				login=mose.kuvalis
				age=51
Form params:	<none>
Path params:	editor=supervisor
Headers:		Accept=*/*
				Content-Type=application/json
Cookies:		<none>
Multiparts:		<none>
Body:			<none>
2025-08-10 20:08:05.385 [TestNG-test-Player Controller Tests-3] INFO  a.c.RestClient - HTTP POST /player/get -> 200 (63 ms)
HTTP/1.1 200 
Content-Type: application/json
Transfer-Encoding: chunked
Date: Sun, 10 Aug 2025 17:08:13 GMT
Keep-Alive: timeout=60
Connection: keep-alive

{
    "id": 2061500654,
    "login": "jesse.hyatt",
    "password": "fBp18Ey8J",
    "screenName": "5b59636e",
    "gender": "female",
    "age": 20,
    "role": "user"
}
2025-08-10 20:08:05.385 [TestNG-test-Player Controller Tests-3] INFO  a.PlayerControllerTest - Iteration 1: Age update verified
2025-08-10 20:08:05.385 [TestNG-test-Player Controller Tests-3] INFO  a.c.RestClient - Getting player with ID: 2061500654
2025-08-10 20:08:05.385 [TestNG-test-Player Controller Tests-3] INFO  a.c.RestClient - HTTP POST /player/get
Request method:	POST
Request URI:	http://3.68.165.45/player/get
Proxy:			<none>
Request params:	<none>
Query params:	<none>
Form params:	<none>
Path params:	<none>
Headers:		Accept=*/*
				Content-Type=application/json
Cookies:		<none>
Multiparts:		<none>
Body:
{
    "playerId": 2061500654
}
2025-08-10 20:08:05.393 [TestNG-test-Player Controller Tests-1] INFO  a.c.RestClient - HTTP GET /player/create/{editor} -> 200 (57 ms)
HTTP/1.1 200 
Content-Type: application/json
Transfer-Encoding: chunked
Date: Sun, 10 Aug 2025 17:08:13 GMT
Keep-Alive: timeout=60
Connection: keep-alive

{
    "id": 398059,
    "login": "mose.kuvalis",
    "password": null,
    "screenName": null,
    "gender": null,
    "age": null,
    "role": null
}
2025-08-10 20:08:05.393 [TestNG-test-Player Controller Tests-1] INFO  a.PlayerGetTest - Created test player with ID: 398059
2025-08-10 20:08:05.404 [TestNG-test-Player Controller Tests-1] INFO  a.PlayerGetTest - Testing get all players
2025-08-10 20:08:05.406 [TestNG-test-Player Controller Tests-1] INFO  a.c.RestClient - Getting all players
2025-08-10 20:08:05.407 [TestNG-test-Player Controller Tests-1] INFO  a.c.RestClient - HTTP GET /player/get/all
Request method:	GET
Request URI:	http://3.68.165.45/player/get/all
Proxy:			<none>
Request params:	<none>
Query params:	<none>
Form params:	<none>
Path params:	<none>
Headers:		Accept=*/*
				Content-Type=application/json
Cookies:		<none>
Multiparts:		<none>
Body:			<none>
2025-08-10 20:08:05.469 [TestNG-test-Player Controller Tests-3] INFO  a.c.RestClient - HTTP POST /player/get -> 200 (59 ms)
HTTP/1.1 200 
Content-Type: application/json
Transfer-Encoding: chunked
Date: Sun, 10 Aug 2025 17:08:13 GMT
Keep-Alive: timeout=60
Connection: keep-alive

{
    "id": 2061500654,
    "login": "jesse.hyatt",
    "password": "fBp18Ey8J",
    "screenName": "5b59636e",
    "gender": "female",
    "age": 20,
    "role": "user"
}
2025-08-10 20:08:05.470 [TestNG-test-Player Controller Tests-3] INFO  a.PlayerControllerTest - Iteration 2: Core data consistency verified
2025-08-10 20:08:05.470 [TestNG-test-Player Controller Tests-3] INFO  a.c.RestClient - Updating player with editor: supervisor, playerId: 2061500654, player: Player{age=21, gender='null', login='null', role='null', screenName='null'}
2025-08-10 20:08:05.470 [TestNG-test-Player Controller Tests-3] INFO  a.c.RestClient - HTTP PATCH /player/update/{editor}/{id}
Request method:	PATCH
Request URI:	http://3.68.165.45/player/update/supervisor/2061500654
Proxy:			<none>
Request params:	<none>
Query params:	<none>
Form params:	<none>
Path params:	editor=supervisor
				id=2061500654
Headers:		Accept=*/*
				Content-Type=application/json
Cookies:		<none>
Multiparts:		<none>
Body:
{
    "age": 21
}
2025-08-10 20:08:05.557 [TestNG-test-Player Controller Tests-3] INFO  a.c.RestClient - HTTP PATCH /player/update/{editor}/{id} -> 200 (58 ms)
2025-08-10 20:08:05.557 [TestNG-test-Player Controller Tests-3] INFO  a.PlayerControllerTest - Iteration 2: Successfully updated player age
2025-08-10 20:08:05.557 [TestNG-test-Player Controller Tests-3] INFO  a.c.RestClient - Getting player with ID: 2061500654
2025-08-10 20:08:05.557 [TestNG-test-Player Controller Tests-3] INFO  a.c.RestClient - HTTP POST /player/get
Request method:	POST
Request URI:	http://3.68.165.45/player/get
Proxy:			<none>
Request params:	<none>
Query params:	<none>
Form params:	<none>
Path params:	<none>
Headers:		Accept=*/*
				Content-Type=application/json
Cookies:		<none>
Multiparts:		<none>
Body:
{
    "playerId": 2061500654
}
2025-08-10 20:08:05.630 [TestNG-test-Player Controller Tests-1] INFO  a.c.RestClient - HTTP GET /player/get/all -> 200 (64 ms)
2025-08-10 20:08:05.651 [TestNG-test-Player Controller Tests-3] INFO  a.c.RestClient - HTTP POST /player/get -> 200 (62 ms)
HTTP/1.1 200 
Content-Type: application/json
Transfer-Encoding: chunked
Date: Sun, 10 Aug 2025 17:08:13 GMT
Keep-Alive: timeout=60
Connection: keep-alive

{
    "id": 2061500654,
    "login": "jesse.hyatt",
    "password": "fBp18Ey8J",
    "screenName": "5b59636e",
    "gender": "female",
    "age": 21,
    "role": "user"
}
2025-08-10 20:08:05.651 [TestNG-test-Player Controller Tests-3] INFO  a.PlayerControllerTest - Iteration 2: Age update verified
2025-08-10 20:08:05.651 [TestNG-test-Player Controller Tests-3] INFO  a.c.RestClient - Getting player with ID: 2061500654
2025-08-10 20:08:05.651 [TestNG-test-Player Controller Tests-3] INFO  a.c.RestClient - HTTP POST /player/get
Request method:	POST
Request URI:	http://3.68.165.45/player/get
Proxy:			<none>
Request params:	<none>
Query params:	<none>
Form params:	<none>
Path params:	<none>
Headers:		Accept=*/*
				Content-Type=application/json
Cookies:		<none>
Multiparts:		<none>
Body:
{
    "playerId": 2061500654
}
2025-08-10 20:08:05.748 [TestNG-test-Player Controller Tests-3] INFO  a.c.RestClient - HTTP POST /player/get -> 200 (65 ms)
HTTP/1.1 200 
Content-Type: application/json
Transfer-Encoding: chunked
Date: Sun, 10 Aug 2025 17:08:13 GMT
Keep-Alive: timeout=60
Connection: keep-alive

{
    "id": 2061500654,
    "login": "jesse.hyatt",
    "password": "fBp18Ey8J",
    "screenName": "5b59636e",
    "gender": "female",
    "age": 21,
    "role": "user"
}
2025-08-10 20:08:05.749 [TestNG-test-Player Controller Tests-3] INFO  a.PlayerControllerTest - Iteration 3: Core data consistency verified
2025-08-10 20:08:05.749 [TestNG-test-Player Controller Tests-3] INFO  a.c.RestClient - Updating player with editor: supervisor, playerId: 2061500654, player: Player{age=22, gender='null', login='null', role='null', screenName='null'}
2025-08-10 20:08:05.750 [TestNG-test-Player Controller Tests-3] INFO  a.c.RestClient - HTTP PATCH /player/update/{editor}/{id}
Request method:	PATCH
Request URI:	http://3.68.165.45/player/update/supervisor/2061500654
Proxy:			<none>
Request params:	<none>
Query params:	<none>
Form params:	<none>
Path params:	editor=supervisor
				id=2061500654
Headers:		Accept=*/*
				Content-Type=application/json
Cookies:		<none>
Multiparts:		<none>
Body:
{
    "age": 22
}
2025-08-10 20:08:05.846 [TestNG-test-Player Controller Tests-3] INFO  a.c.RestClient - HTTP PATCH /player/update/{editor}/{id} -> 200 (63 ms)
2025-08-10 20:08:05.846 [TestNG-test-Player Controller Tests-3] INFO  a.PlayerControllerTest - Iteration 3: Successfully updated player age
2025-08-10 20:08:05.846 [TestNG-test-Player Controller Tests-3] INFO  a.c.RestClient - Getting player with ID: 2061500654
2025-08-10 20:08:05.846 [TestNG-test-Player Controller Tests-3] INFO  a.c.RestClient - HTTP POST /player/get
Request method:	POST
Request URI:	http://3.68.165.45/player/get
Proxy:			<none>
Request params:	<none>
Query params:	<none>
Form params:	<none>
Path params:	<none>
Headers:		Accept=*/*
				Content-Type=application/json
Cookies:		<none>
Multiparts:		<none>
Body:
{
    "playerId": 2061500654
}
2025-08-10 20:08:05.939 [TestNG-test-Player Controller Tests-3] INFO  a.c.RestClient - HTTP POST /player/get -> 200 (63 ms)
HTTP/1.1 200 
Content-Type: application/json
Transfer-Encoding: chunked
Date: Sun, 10 Aug 2025 17:08:14 GMT
Keep-Alive: timeout=60
Connection: keep-alive

{
    "id": 2061500654,
    "login": "jesse.hyatt",
    "password": "fBp18Ey8J",
    "screenName": "5b59636e",
    "gender": "female",
    "age": 22,
    "role": "user"
}
2025-08-10 20:08:05.940 [TestNG-test-Player Controller Tests-3] INFO  a.PlayerControllerTest - Iteration 3: Age update verified
2025-08-10 20:08:05.940 [TestNG-test-Player Controller Tests-3] INFO  a.PlayerControllerTest - Data consistency workflow test completed successfully
]]></system-out>
  </testcase>
  <testcase name="testMultiUserWorkflow" classname="api.PlayerControllerTest" time="0.69">
    <failure message="The following asserts failed:&#10;	Users should have different screen names did not expect [null] but found [null]" type="java.lang.AssertionError"><![CDATA[java.lang.AssertionError: 
The following asserts failed:
	Users should have different screen names did not expect [null] but found [null]
	at org.testng.asserts.SoftAssert.assertAll(SoftAssert.java:46)
	at org.testng.asserts.SoftAssert.assertAll(SoftAssert.java:30)
	at api.PlayerControllerTest.testMultiUserWorkflow(PlayerControllerTest.java:168)
	at java.base/jdk.internal.reflect.DirectMethodHandleAccessor.invoke(DirectMethodHandleAccessor.java:104)
	at java.base/java.lang.reflect.Method.invoke(Method.java:577)
	at org.testng.internal.invokers.MethodInvocationHelper.invokeMethod(MethodInvocationHelper.java:139)
	at org.testng.internal.invokers.TestInvoker.invokeMethod(TestInvoker.java:664)
	at org.testng.internal.invokers.TestInvoker.invokeTestMethod(TestInvoker.java:228)
	at org.testng.internal.invokers.MethodRunner.runInSequence(MethodRunner.java:63)
	at org.testng.internal.invokers.TestInvoker$MethodInvocationAgent.invoke(TestInvoker.java:961)
	at org.testng.internal.invokers.TestInvoker.invokeTestMethods(TestInvoker.java:201)
	at org.testng.internal.invokers.TestMethodWorker.invokeTestMethods(TestMethodWorker.java:148)
	at org.testng.internal.invokers.TestMethodWorker.run(TestMethodWorker.java:128)
	at java.base/java.util.concurrent.Executors$RunnableAdapter.call(Executors.java:539)
	at java.base/java.util.concurrent.FutureTask.run(FutureTask.java:264)
	at org.testng.internal.thread.graph.TestNGFutureTask.run(TestNGFutureTask.java:22)
	at java.base/java.util.concurrent.ThreadPoolExecutor.runWorker(ThreadPoolExecutor.java:1136)
	at java.base/java.util.concurrent.ThreadPoolExecutor$Worker.run(ThreadPoolExecutor.java:635)
	at java.base/java.lang.Thread.run(Thread.java:833)
]]></failure>
    <system-out><![CDATA[2025-08-10 20:08:05.952 [TestNG-test-Player Controller Tests-3] INFO  a.PlayerControllerTest - Cleaning up 3 created players
2025-08-10 20:08:05.954 [TestNG-test-Player Controller Tests-3] INFO  a.c.RestClient - Deleting player with editor: supervisor, playerId: 1834400328
2025-08-10 20:08:05.954 [TestNG-test-Player Controller Tests-3] INFO  a.c.RestClient - HTTP DELETE /player/delete/{editor}
Request method:	DELETE
Request URI:	http://3.68.165.45/player/delete/supervisor
Proxy:			<none>
Request params:	<none>
Query params:	<none>
Form params:	<none>
Path params:	editor=supervisor
Headers:		Accept=*/*
				Content-Type=application/json
Cookies:		<none>
Multiparts:		<none>
Body:
{
    "playerId": 1834400328
}
2025-08-10 20:08:06.050 [TestNG-test-Player Controller Tests-3] INFO  a.c.RestClient - HTTP DELETE /player/delete/{editor} -> 204 (63 ms)
HTTP/1.1 204 
Date: Sun, 10 Aug 2025 17:08:14 GMT
Keep-Alive: timeout=60
Connection: keep-alive
2025-08-10 20:08:06.050 [TestNG-test-Player Controller Tests-3] INFO  a.PlayerControllerTest - Cleaned up player with ID: 1834400328
2025-08-10 20:08:06.050 [TestNG-test-Player Controller Tests-3] INFO  a.c.RestClient - Deleting player with editor: supervisor, playerId: 1957133727
2025-08-10 20:08:06.051 [TestNG-test-Player Controller Tests-3] INFO  a.c.RestClient - HTTP DELETE /player/delete/{editor}
Request method:	DELETE
Request URI:	http://3.68.165.45/player/delete/supervisor
Proxy:			<none>
Request params:	<none>
Query params:	<none>
Form params:	<none>
Path params:	editor=supervisor
Headers:		Accept=*/*
				Content-Type=application/json
Cookies:		<none>
Multiparts:		<none>
Body:
{
    "playerId": 1957133727
}
2025-08-10 20:08:06.087 [TestNG-test-Player Controller Tests-2] INFO  a.c.RestClient - HTTP POST /player/get -> 200 (10065 ms)
HTTP/1.1 200 
Content-Type: application/json
Transfer-Encoding: chunked
Date: Sun, 10 Aug 2025 17:08:14 GMT
Keep-Alive: timeout=60
Connection: keep-alive

{
    "id": 1936633206,
    "login": "adrian.douglas",
    "password": "2iJ7j4JOf",
    "screenName": "70136e44",
    "gender": "male",
    "age": 59,
    "role": "admin"
}
2025-08-10 20:08:06.087 [TestNG-test-Player Controller Tests-2] INFO  a.PlayerControllerTest - Successfully verified admin data isolation
]]></system-out>
  </testcase>
  <testcase name="testCreatePlayerWithDuplicateLogin" classname="api.PlayerCreateDuplicateNegativeTest" time="0.1">
    <failure message="Expected HTTP status code 403, but was 200 expected [403] but found [200]" type="java.lang.AssertionError"><![CDATA[java.lang.AssertionError: Expected HTTP status code 403, but was 200 expected [403] but found [200]
	at org.testng.Assert.fail(Assert.java:111)
	at org.testng.Assert.failNotEquals(Assert.java:1578)
	at org.testng.Assert.assertEqualsImpl(Assert.java:150)
	at org.testng.Assert.assertEquals(Assert.java:132)
	at org.testng.Assert.assertEquals(Assert.java:1419)
	at org.testng.Assert.assertEquals(Assert.java:1383)
	at api.client.ResponseWrapper.expectingStatusCode(ResponseWrapper.java:49)
	at api.PlayerCreateDuplicateNegativeTest.assertCreatePlayerWithValidationError(PlayerCreateDuplicateNegativeTest.java:92)
	at api.PlayerCreateDuplicateNegativeTest.testCreatePlayerWithDuplicateLogin(PlayerCreateDuplicateNegativeTest.java:61)
	at java.base/jdk.internal.reflect.DirectMethodHandleAccessor.invoke(DirectMethodHandleAccessor.java:104)
	at java.base/java.lang.reflect.Method.invoke(Method.java:577)
	at org.testng.internal.invokers.MethodInvocationHelper.invokeMethod(MethodInvocationHelper.java:139)
	at org.testng.internal.invokers.TestInvoker.invokeMethod(TestInvoker.java:664)
	at org.testng.internal.invokers.TestInvoker.invokeTestMethod(TestInvoker.java:228)
	at org.testng.internal.invokers.MethodRunner.runInSequence(MethodRunner.java:63)
	at org.testng.internal.invokers.TestInvoker$MethodInvocationAgent.invoke(TestInvoker.java:961)
	at org.testng.internal.invokers.TestInvoker.invokeTestMethods(TestInvoker.java:201)
	at org.testng.internal.invokers.TestMethodWorker.invokeTestMethods(TestMethodWorker.java:148)
	at org.testng.internal.invokers.TestMethodWorker.run(TestMethodWorker.java:128)
	at java.base/java.util.concurrent.Executors$RunnableAdapter.call(Executors.java:539)
	at java.base/java.util.concurrent.FutureTask.run(FutureTask.java:264)
	at org.testng.internal.thread.graph.TestNGFutureTask.run(TestNGFutureTask.java:22)
	at java.base/java.util.concurrent.ThreadPoolExecutor.runWorker(ThreadPoolExecutor.java:1136)
	at java.base/java.util.concurrent.ThreadPoolExecutor$Worker.run(ThreadPoolExecutor.java:635)
	at java.base/java.lang.Thread.run(Thread.java:833)
]]></failure>
    <system-out><![CDATA[2025-08-10 20:07:54.787 [TestNG-test-Player Controller Tests-3] INFO  a.PlayerControllerTest - Cleaning up 1 created players
2025-08-10 20:07:54.788 [TestNG-test-Player Controller Tests-3] INFO  a.c.RestClient - Deleting player with editor: supervisor, playerId: 697792345
2025-08-10 20:07:54.789 [TestNG-test-Player Controller Tests-3] INFO  a.c.RestClient - HTTP DELETE /player/delete/{editor}
Request method:	DELETE
Request URI:	http://3.68.165.45/player/delete/supervisor
Proxy:			<none>
Request params:	<none>
Query params:	<none>
Form params:	<none>
Path params:	editor=supervisor
Headers:		Accept=*/*
				Content-Type=application/json
Cookies:		<none>
Multiparts:		<none>
Body:
{
    "playerId": 697792345
}
2025-08-10 20:07:54.808 [TestNG-test-Player Controller Tests-2] INFO  a.c.RestClient - HTTP DELETE /player/delete/{editor} -> 204 (61 ms)
HTTP/1.1 204 
Date: Sun, 10 Aug 2025 17:08:03 GMT
Keep-Alive: timeout=60
Connection: keep-alive
2025-08-10 20:07:54.808 [TestNG-test-Player Controller Tests-2] INFO  a.PlayerUpdateTest - Cleaned up player with ID: 1102422187
2025-08-10 20:07:54.809 [TestNG-test-Player Controller Tests-2] INFO  a.c.RestClient - Deleting player with editor: supervisor, playerId: 1102422187
2025-08-10 20:07:54.809 [TestNG-test-Player Controller Tests-2] INFO  a.c.RestClient - HTTP DELETE /player/delete/{editor}
Request method:	DELETE
Request URI:	http://3.68.165.45/player/delete/supervisor
Proxy:			<none>
Request params:	<none>
Query params:	<none>
Form params:	<none>
Path params:	editor=supervisor
Headers:		Accept=*/*
				Content-Type=application/json
Cookies:		<none>
Multiparts:		<none>
Body:
{
    "playerId": 1102422187
}
2025-08-10 20:07:54.866 [TestNG-test-Player Controller Tests-1] INFO  a.c.RestClient - HTTP DELETE /player/delete/{editor} -> 403 (76 ms)
HTTP/1.1 403 
Content-Length: 0
Date: Sun, 10 Aug 2025 17:08:03 GMT
Keep-Alive: timeout=60
Connection: keep-alive
2025-08-10 20:07:54.868 [TestNG-test-Player Controller Tests-1] INFO  a.PlayerUpdateTest - Cleaned up player with ID: 1102422187
2025-08-10 20:07:54.868 [TestNG-test-Player Controller Tests-1] INFO  a.c.RestClient - Deleting player with editor: supervisor, playerId: 1102422187
2025-08-10 20:07:54.870 [TestNG-test-Player Controller Tests-1] INFO  a.c.RestClient - HTTP DELETE /player/delete/{editor}
Request method:	DELETE
Request URI:	http://3.68.165.45/player/delete/supervisor
Proxy:			<none>
Request params:	<none>
Query params:	<none>
Form params:	<none>
Path params:	editor=supervisor
Headers:		Accept=*/*
				Content-Type=application/json
Cookies:		<none>
Multiparts:		<none>
Body:
{
    "playerId": 1102422187
}
2025-08-10 20:07:54.911 [TestNG-test-Player Controller Tests-3] INFO  a.c.RestClient - HTTP DELETE /player/delete/{editor} -> 403 (72 ms)
HTTP/1.1 403 
Content-Length: 0
Date: Sun, 10 Aug 2025 17:08:03 GMT
Keep-Alive: timeout=60
Connection: keep-alive
2025-08-10 20:07:54.911 [TestNG-test-Player Controller Tests-3] INFO  a.PlayerControllerTest - Cleaned up player with ID: 697792345
2025-08-10 20:07:54.930 [TestNG-test-Player Controller Tests-3] INFO  a.PlayerControllerTest - Setting up PlayerControllerTest
2025-08-10 20:07:54.930 [TestNG-test-Player Controller Tests-3] INFO  a.c.RestClient - Initializing RestClient with baseUri=http://3.68.165.45, contentType=application/json
2025-08-10 20:07:54.946 [TestNG-test-Player Controller Tests-2] INFO  a.c.RestClient - HTTP DELETE /player/delete/{editor} -> 403 (75 ms)
HTTP/1.1 403 
Content-Length: 0
Date: Sun, 10 Aug 2025 17:08:03 GMT
Keep-Alive: timeout=60
Connection: keep-alive
2025-08-10 20:07:54.946 [TestNG-test-Player Controller Tests-2] INFO  a.PlayerUpdateTest - Cleaned up player with ID: 1102422187
2025-08-10 20:07:54.947 [TestNG-test-Player Controller Tests-2] INFO  a.c.RestClient - Deleting player with editor: supervisor, playerId: 1250264091
2025-08-10 20:07:54.947 [TestNG-test-Player Controller Tests-2] INFO  a.c.RestClient - HTTP DELETE /player/delete/{editor}
Request method:	DELETE
Request URI:	http://3.68.165.45/player/delete/supervisor
Proxy:			<none>
Request params:	<none>
Query params:	<none>
Form params:	<none>
Path params:	editor=supervisor
Headers:		Accept=*/*
				Content-Type=application/json
Cookies:		<none>
Multiparts:		<none>
Body:
{
    "playerId": 1250264091
}
2025-08-10 20:07:54.955 [TestNG-test-Player Controller Tests-3] INFO  a.PlayerControllerTest - Testing data consistency workflow: Verify data integrity across operations
2025-08-10 20:07:54.957 [TestNG-test-Player Controller Tests-3] INFO  a.c.RestClient - Creating player with editor: supervisor, player: Player{age=48, gender='female', login='jesse.hyatt', role='user', screenName='5b59636e'}
2025-08-10 20:07:54.957 [TestNG-test-Player Controller Tests-3] INFO  a.c.RestClient - HTTP GET /player/create/{editor}
Request method:	GET
Request URI:	http://3.68.165.45/player/create/supervisor?password=fBp18Ey8J&role=user&gender=female&screenName=5b59636e&login=jesse.hyatt&age=48
Proxy:			<none>
Request params:	<none>
Query params:	password=fBp18Ey8J
				role=user
				gender=female
				screenName=5b59636e
				login=jesse.hyatt
				age=48
Form params:	<none>
Path params:	editor=supervisor
Headers:		Accept=*/*
				Content-Type=application/json
Cookies:		<none>
Multiparts:		<none>
Body:			<none>
2025-08-10 20:07:55.014 [TestNG-test-Player Controller Tests-1] INFO  a.c.RestClient - HTTP DELETE /player/delete/{editor} -> 403 (80 ms)
HTTP/1.1 403 
Content-Length: 0
Date: Sun, 10 Aug 2025 17:08:03 GMT
Keep-Alive: timeout=60
Connection: keep-alive
2025-08-10 20:07:55.015 [TestNG-test-Player Controller Tests-1] INFO  a.PlayerUpdateTest - Cleaned up player with ID: 1102422187
2025-08-10 20:07:55.015 [TestNG-test-Player Controller Tests-1] INFO  a.c.RestClient - Deleting player with editor: supervisor, playerId: 1250264091
2025-08-10 20:07:55.015 [TestNG-test-Player Controller Tests-1] INFO  a.c.RestClient - HTTP DELETE /player/delete/{editor}
Request method:	DELETE
Request URI:	http://3.68.165.45/player/delete/supervisor
Proxy:			<none>
Request params:	<none>
Query params:	<none>
Form params:	<none>
Path params:	editor=supervisor
Headers:		Accept=*/*
				Content-Type=application/json
Cookies:		<none>
Multiparts:		<none>
Body:
{
    "playerId": 1250264091
}
2025-08-10 20:07:55.070 [TestNG-test-Player Controller Tests-2] INFO  a.c.RestClient - HTTP DELETE /player/delete/{editor} -> 204 (68 ms)
HTTP/1.1 204 
Date: Sun, 10 Aug 2025 17:08:03 GMT
Keep-Alive: timeout=60
Connection: keep-alive
2025-08-10 20:07:55.072 [TestNG-test-Player Controller Tests-2] INFO  a.PlayerUpdateTest - Cleaned up player with ID: 1250264091
2025-08-10 20:07:55.073 [TestNG-test-Player Controller Tests-2] INFO  a.c.RestClient - Deleting player with editor: supervisor, playerId: 1250264091
2025-08-10 20:07:55.073 [TestNG-test-Player Controller Tests-2] INFO  a.c.RestClient - HTTP DELETE /player/delete/{editor}
Request method:	DELETE
Request URI:	http://3.68.165.45/player/delete/supervisor
Proxy:			<none>
Request params:	<none>
Query params:	<none>
Form params:	<none>
Path params:	editor=supervisor
Headers:		Accept=*/*
				Content-Type=application/json
Cookies:		<none>
Multiparts:		<none>
Body:
{
    "playerId": 1250264091
}
2025-08-10 20:07:55.092 [TestNG-test-Player Controller Tests-3] INFO  a.c.RestClient - HTTP GET /player/create/{editor} -> 200 (85 ms)
HTTP/1.1 200 
Content-Type: application/json
Transfer-Encoding: chunked
Date: Sun, 10 Aug 2025 17:08:03 GMT
Keep-Alive: timeout=60
Connection: keep-alive

{
    "id": 2061500654,
    "login": "jesse.hyatt",
    "password": null,
    "screenName": null,
    "gender": null,
    "age": null,
    "role": null
}
2025-08-10 20:07:55.093 [TestNG-test-Player Controller Tests-3] INFO  a.PlayerControllerTest - Created test player with ID: 2061500654
2025-08-10 20:07:55.093 [TestNG-test-Player Controller Tests-3] INFO  a.c.RestClient - Getting player with ID: 2061500654
2025-08-10 20:07:55.094 [TestNG-test-Player Controller Tests-3] INFO  a.c.RestClient - HTTP POST /player/get
Request method:	POST
Request URI:	http://3.68.165.45/player/get
Proxy:			<none>
Request params:	<none>
Query params:	<none>
Form params:	<none>
Path params:	<none>
Headers:		Accept=*/*
				Content-Type=application/json
Cookies:		<none>
Multiparts:		<none>
Body:
{
    "playerId": 2061500654
}
2025-08-10 20:07:55.130 [TestNG-test-Player Controller Tests-1] INFO  a.c.RestClient - HTTP DELETE /player/delete/{editor} -> 403 (70 ms)
HTTP/1.1 403 
Content-Length: 0
Date: Sun, 10 Aug 2025 17:08:03 GMT
Keep-Alive: timeout=60
Connection: keep-alive
2025-08-10 20:07:55.131 [TestNG-test-Player Controller Tests-1] INFO  a.PlayerUpdateTest - Cleaned up player with ID: 1250264091
2025-08-10 20:07:55.131 [TestNG-test-Player Controller Tests-1] INFO  a.c.RestClient - Deleting player with editor: supervisor, playerId: 1250264091
2025-08-10 20:07:55.131 [TestNG-test-Player Controller Tests-1] INFO  a.c.RestClient - HTTP DELETE /player/delete/{editor}
Request method:	DELETE
Request URI:	http://3.68.165.45/player/delete/supervisor
Proxy:			<none>
Request params:	<none>
Query params:	<none>
Form params:	<none>
Path params:	editor=supervisor
Headers:		Accept=*/*
				Content-Type=application/json
Cookies:		<none>
Multiparts:		<none>
Body:
{
    "playerId": 1250264091
}
2025-08-10 20:07:55.178 [TestNG-test-Player Controller Tests-2] INFO  a.c.RestClient - HTTP DELETE /player/delete/{editor} -> 403 (66 ms)
HTTP/1.1 403 
Content-Length: 0
Date: Sun, 10 Aug 2025 17:08:03 GMT
Keep-Alive: timeout=60
Connection: keep-alive
2025-08-10 20:07:55.179 [TestNG-test-Player Controller Tests-2] INFO  a.PlayerUpdateTest - Cleaned up player with ID: 1250264091
2025-08-10 20:07:55.179 [TestNG-test-Player Controller Tests-2] INFO  a.c.RestClient - Deleting player with editor: supervisor, playerId: 601095064
2025-08-10 20:07:55.181 [TestNG-test-Player Controller Tests-2] INFO  a.c.RestClient - HTTP DELETE /player/delete/{editor}
Request method:	DELETE
Request URI:	http://3.68.165.45/player/delete/supervisor
Proxy:			<none>
Request params:	<none>
Query params:	<none>
Form params:	<none>
Path params:	editor=supervisor
Headers:		Accept=*/*
				Content-Type=application/json
Cookies:		<none>
Multiparts:		<none>
Body:
{
    "playerId": 601095064
}
2025-08-10 20:07:55.239 [TestNG-test-Player Controller Tests-1] INFO  a.c.RestClient - HTTP DELETE /player/delete/{editor} -> 403 (66 ms)
HTTP/1.1 403 
Content-Length: 0
Date: Sun, 10 Aug 2025 17:08:04 GMT
Keep-Alive: timeout=60
Connection: keep-alive
2025-08-10 20:07:55.240 [TestNG-test-Player Controller Tests-1] INFO  a.PlayerUpdateTest - Cleaned up player with ID: 1250264091
2025-08-10 20:07:55.241 [TestNG-test-Player Controller Tests-1] INFO  a.c.RestClient - Deleting player with editor: supervisor, playerId: 601095064
2025-08-10 20:07:55.242 [TestNG-test-Player Controller Tests-1] INFO  a.c.RestClient - HTTP DELETE /player/delete/{editor}
Request method:	DELETE
Request URI:	http://3.68.165.45/player/delete/supervisor
Proxy:			<none>
Request params:	<none>
Query params:	<none>
Form params:	<none>
Path params:	editor=supervisor
Headers:		Accept=*/*
				Content-Type=application/json
Cookies:		<none>
Multiparts:		<none>
Body:
{
    "playerId": 601095064
}
2025-08-10 20:07:55.283 [TestNG-test-Player Controller Tests-2] INFO  a.c.RestClient - HTTP DELETE /player/delete/{editor} -> 403 (64 ms)
HTTP/1.1 403 
Content-Length: 0
Date: Sun, 10 Aug 2025 17:08:04 GMT
Keep-Alive: timeout=60
Connection: keep-alive
2025-08-10 20:07:55.284 [TestNG-test-Player Controller Tests-2] INFO  a.PlayerUpdateTest - Cleaned up player with ID: 601095064
2025-08-10 20:07:55.284 [TestNG-test-Player Controller Tests-2] INFO  a.c.RestClient - Deleting player with editor: supervisor, playerId: 601095064
2025-08-10 20:07:55.285 [TestNG-test-Player Controller Tests-2] INFO  a.c.RestClient - HTTP DELETE /player/delete/{editor}
Request method:	DELETE
Request URI:	http://3.68.165.45/player/delete/supervisor
Proxy:			<none>
Request params:	<none>
Query params:	<none>
Form params:	<none>
Path params:	editor=supervisor
Headers:		Accept=*/*
				Content-Type=application/json
Cookies:		<none>
Multiparts:		<none>
Body:
{
    "playerId": 601095064
}
2025-08-10 20:07:55.363 [TestNG-test-Player Controller Tests-1] INFO  a.c.RestClient - HTTP DELETE /player/delete/{editor} -> 403 (79 ms)
HTTP/1.1 403 
Content-Length: 0
Date: Sun, 10 Aug 2025 17:08:04 GMT
Keep-Alive: timeout=60
Connection: keep-alive
2025-08-10 20:07:55.363 [TestNG-test-Player Controller Tests-1] INFO  a.PlayerUpdateTest - Cleaned up player with ID: 601095064
2025-08-10 20:07:55.364 [TestNG-test-Player Controller Tests-1] INFO  a.c.RestClient - Deleting player with editor: supervisor, playerId: 601095064
2025-08-10 20:07:55.364 [TestNG-test-Player Controller Tests-1] INFO  a.c.RestClient - HTTP DELETE /player/delete/{editor}
Request method:	DELETE
Request URI:	http://3.68.165.45/player/delete/supervisor
Proxy:			<none>
Request params:	<none>
Query params:	<none>
Form params:	<none>
Path params:	editor=supervisor
Headers:		Accept=*/*
				Content-Type=application/json
Cookies:		<none>
Multiparts:		<none>
Body:
{
    "playerId": 601095064
}
2025-08-10 20:07:55.392 [TestNG-test-Player Controller Tests-2] INFO  a.c.RestClient - HTTP DELETE /player/delete/{editor} -> 403 (69 ms)
HTTP/1.1 403 
Content-Length: 0
Date: Sun, 10 Aug 2025 17:08:04 GMT
Keep-Alive: timeout=60
Connection: keep-alive
2025-08-10 20:07:55.392 [TestNG-test-Player Controller Tests-2] INFO  a.PlayerUpdateTest - Cleaned up player with ID: 601095064
2025-08-10 20:07:55.406 [TestNG-test-Player Controller Tests-2] INFO  a.PlayerControllerTest - Setting up PlayerControllerTest
2025-08-10 20:07:55.406 [TestNG-test-Player Controller Tests-2] INFO  a.c.RestClient - Initializing RestClient with baseUri=http://3.68.165.45, contentType=application/json
2025-08-10 20:07:55.420 [TestNG-test-Player Controller Tests-2] INFO  a.PlayerControllerTest - Testing multi-user workflow: Create multiple users and verify isolation
2025-08-10 20:07:55.424 [TestNG-test-Player Controller Tests-2] INFO  a.c.RestClient - Creating player with editor: supervisor, player: Player{age=25, gender='female', login='melinda.tromp', role='user', screenName='77f12de3'}
2025-08-10 20:07:55.424 [TestNG-test-Player Controller Tests-2] INFO  a.c.RestClient - HTTP GET /player/create/{editor}
Request method:	GET
Request URI:	http://3.68.165.45/player/create/supervisor?password=b4cffs1Hshb08&role=user&gender=female&screenName=77f12de3&login=melinda.tromp&age=25
Proxy:			<none>
Request params:	<none>
Query params:	password=b4cffs1Hshb08
				role=user
				gender=female
				screenName=77f12de3
				login=melinda.tromp
				age=25
Form params:	<none>
Path params:	editor=supervisor
Headers:		Accept=*/*
				Content-Type=application/json
Cookies:		<none>
Multiparts:		<none>
Body:			<none>
2025-08-10 20:07:55.478 [TestNG-test-Player Controller Tests-1] INFO  a.c.RestClient - HTTP DELETE /player/delete/{editor} -> 403 (77 ms)
HTTP/1.1 403 
Content-Length: 0
Date: Sun, 10 Aug 2025 17:08:04 GMT
Keep-Alive: timeout=60
Connection: keep-alive
2025-08-10 20:07:55.478 [TestNG-test-Player Controller Tests-1] INFO  a.PlayerUpdateTest - Cleaned up player with ID: 601095064
2025-08-10 20:07:55.493 [TestNG-test-Player Controller Tests-1] INFO  a.PlayerCreateTest - Setting up PlayerCreateTest
2025-08-10 20:07:55.493 [TestNG-test-Player Controller Tests-1] INFO  a.c.RestClient - Initializing RestClient with baseUri=http://3.68.165.45, contentType=application/json
2025-08-10 20:07:55.494 [TestNG-test-Player Controller Tests-1] INFO  a.c.RestClient - Creating player with editor: supervisor, player: Player{age=53, gender='male', login='tommie.cassin', role='user', screenName='b0a26505'}
2025-08-10 20:07:55.494 [TestNG-test-Player Controller Tests-1] INFO  a.c.RestClient - HTTP GET /player/create/{editor}
Request method:	GET
Request URI:	http://3.68.165.45/player/create/supervisor?password=6LYupR01&role=user&gender=male&screenName=b0a26505&login=tommie.cassin&age=53
Proxy:			<none>
Request params:	<none>
Query params:	password=6LYupR01
				role=user
				gender=male
				screenName=b0a26505
				login=tommie.cassin
				age=53
Form params:	<none>
Path params:	editor=supervisor
Headers:		Accept=*/*
				Content-Type=application/json
Cookies:		<none>
Multiparts:		<none>
Body:			<none>
2025-08-10 20:07:55.532 [TestNG-test-Player Controller Tests-2] INFO  a.c.RestClient - HTTP GET /player/create/{editor} -> 200 (63 ms)
HTTP/1.1 200 
Content-Type: application/json
Transfer-Encoding: chunked
Date: Sun, 10 Aug 2025 17:08:04 GMT
Keep-Alive: timeout=60
Connection: keep-alive

{
    "id": 1834400328,
    "login": "melinda.tromp",
    "password": null,
    "screenName": null,
    "gender": null,
    "age": null,
    "role": null
}
2025-08-10 20:07:55.534 [TestNG-test-Player Controller Tests-2] INFO  a.PlayerControllerTest - Created first user with ID: 1834400328
2025-08-10 20:07:55.535 [TestNG-test-Player Controller Tests-2] INFO  a.c.RestClient - Creating player with editor: supervisor, player: Player{age=28, gender='female', login='art.kris', role='user', screenName='12f4daaa'}
2025-08-10 20:07:55.536 [TestNG-test-Player Controller Tests-2] INFO  a.c.RestClient - HTTP GET /player/create/{editor}
Request method:	GET
Request URI:	http://3.68.165.45/player/create/supervisor?password=HFlMgpqS4&role=user&gender=female&screenName=12f4daaa&login=art.kris&age=28
Proxy:			<none>
Request params:	<none>
Query params:	password=HFlMgpqS4
				role=user
				gender=female
				screenName=12f4daaa
				login=art.kris
				age=28
Form params:	<none>
Path params:	editor=supervisor
Headers:		Accept=*/*
				Content-Type=application/json
Cookies:		<none>
Multiparts:		<none>
Body:			<none>
2025-08-10 20:07:55.589 [TestNG-test-Player Controller Tests-1] INFO  a.c.RestClient - HTTP GET /player/create/{editor} -> 200 (58 ms)
HTTP/1.1 200 
Content-Type: application/json
Transfer-Encoding: chunked
Date: Sun, 10 Aug 2025 17:08:04 GMT
Keep-Alive: timeout=60
Connection: keep-alive

{
    "id": 926438164,
    "login": "tommie.cassin",
    "password": null,
    "screenName": null,
    "gender": null,
    "age": null,
    "role": null
}
2025-08-10 20:07:55.590 [TestNG-test-Player Controller Tests-1] INFO  a.PlayerCreateTest - Created first player with ID: 926438164
2025-08-10 20:07:55.600 [TestNG-test-Player Controller Tests-1] INFO  a.PlayerCreateTest - Testing player creation with duplicate login
2025-08-10 20:07:55.603 [TestNG-test-Player Controller Tests-1] INFO  a.c.RestClient - Creating player with editor: supervisor, player: Player{age=47, gender='female', login='tommie.cassin', role='user', screenName='6751c883'}
2025-08-10 20:07:55.603 [TestNG-test-Player Controller Tests-1] INFO  a.c.RestClient - HTTP GET /player/create/{editor}
Request method:	GET
Request URI:	http://3.68.165.45/player/create/supervisor?password=8riUjsR0t1bV&role=user&gender=female&screenName=6751c883&login=tommie.cassin&age=47
Proxy:			<none>
Request params:	<none>
Query params:	password=8riUjsR0t1bV
				role=user
				gender=female
				screenName=6751c883
				login=tommie.cassin
				age=47
Form params:	<none>
Path params:	editor=supervisor
Headers:		Accept=*/*
				Content-Type=application/json
Cookies:		<none>
Multiparts:		<none>
Body:			<none>
2025-08-10 20:07:55.629 [TestNG-test-Player Controller Tests-2] INFO  a.c.RestClient - HTTP GET /player/create/{editor} -> 200 (59 ms)
HTTP/1.1 200 
Content-Type: application/json
Transfer-Encoding: chunked
Date: Sun, 10 Aug 2025 17:08:04 GMT
Keep-Alive: timeout=60
Connection: keep-alive

{
    "id": 1957133727,
    "login": "art.kris",
    "password": null,
    "screenName": null,
    "gender": null,
    "age": null,
    "role": null
}
2025-08-10 20:07:55.631 [TestNG-test-Player Controller Tests-2] INFO  a.PlayerControllerTest - Created second user with ID: 1957133727
2025-08-10 20:07:55.632 [TestNG-test-Player Controller Tests-2] INFO  a.c.RestClient - Creating player with editor: supervisor, player: Player{age=59, gender='male', login='adrian.douglas', role='admin', screenName='70136e44'}
2025-08-10 20:07:55.632 [TestNG-test-Player Controller Tests-2] INFO  a.c.RestClient - HTTP GET /player/create/{editor}
Request method:	GET
Request URI:	http://3.68.165.45/player/create/supervisor?password=2iJ7j4JOf&role=admin&gender=male&screenName=70136e44&login=adrian.douglas&age=59
Proxy:			<none>
Request params:	<none>
Query params:	password=2iJ7j4JOf
				role=admin
				gender=male
				screenName=70136e44
				login=adrian.douglas
				age=59
Form params:	<none>
Path params:	editor=supervisor
Headers:		Accept=*/*
				Content-Type=application/json
Cookies:		<none>
Multiparts:		<none>
Body:			<none>
2025-08-10 20:07:55.703 [TestNG-test-Player Controller Tests-1] INFO  a.c.RestClient - HTTP GET /player/create/{editor} -> 200 (62 ms)
HTTP/1.1 200 
Content-Type: application/json
Transfer-Encoding: chunked
Date: Sun, 10 Aug 2025 17:08:04 GMT
Keep-Alive: timeout=60
Connection: keep-alive

{
    "id": 926438164,
    "login": "tommie.cassin",
    "password": null,
    "screenName": null,
    "gender": null,
    "age": null,
    "role": null
}
]]></system-out>
  </testcase>
  <testcase name="testCreatePlayerWithDuplicateScreenName" classname="api.PlayerCreateDuplicateNegativeTest" time="0.105">
    <failure message="Expected HTTP status code 403, but was 200 expected [403] but found [200]" type="java.lang.AssertionError"><![CDATA[java.lang.AssertionError: Expected HTTP status code 403, but was 200 expected [403] but found [200]
	at org.testng.Assert.fail(Assert.java:111)
	at org.testng.Assert.failNotEquals(Assert.java:1578)
	at org.testng.Assert.assertEqualsImpl(Assert.java:150)
	at org.testng.Assert.assertEquals(Assert.java:132)
	at org.testng.Assert.assertEquals(Assert.java:1419)
	at org.testng.Assert.assertEquals(Assert.java:1383)
	at api.client.ResponseWrapper.expectingStatusCode(ResponseWrapper.java:49)
	at api.PlayerCreateDuplicateNegativeTest.assertCreatePlayerWithValidationError(PlayerCreateDuplicateNegativeTest.java:92)
	at api.PlayerCreateDuplicateNegativeTest.testCreatePlayerWithDuplicateScreenName(PlayerCreateDuplicateNegativeTest.java:69)
	at java.base/jdk.internal.reflect.DirectMethodHandleAccessor.invoke(DirectMethodHandleAccessor.java:104)
	at java.base/java.lang.reflect.Method.invoke(Method.java:577)
	at org.testng.internal.invokers.MethodInvocationHelper.invokeMethod(MethodInvocationHelper.java:139)
	at org.testng.internal.invokers.TestInvoker.invokeMethod(TestInvoker.java:664)
	at org.testng.internal.invokers.TestInvoker.invokeTestMethod(TestInvoker.java:228)
	at org.testng.internal.invokers.MethodRunner.runInSequence(MethodRunner.java:63)
	at org.testng.internal.invokers.TestInvoker$MethodInvocationAgent.invoke(TestInvoker.java:961)
	at org.testng.internal.invokers.TestInvoker.invokeTestMethods(TestInvoker.java:201)
	at org.testng.internal.invokers.TestMethodWorker.invokeTestMethods(TestMethodWorker.java:148)
	at org.testng.internal.invokers.TestMethodWorker.run(TestMethodWorker.java:128)
	at java.base/java.util.concurrent.Executors$RunnableAdapter.call(Executors.java:539)
	at java.base/java.util.concurrent.FutureTask.run(FutureTask.java:264)
	at org.testng.internal.thread.graph.TestNGFutureTask.run(TestNGFutureTask.java:22)
	at java.base/java.util.concurrent.ThreadPoolExecutor.runWorker(ThreadPoolExecutor.java:1136)
	at java.base/java.util.concurrent.ThreadPoolExecutor$Worker.run(ThreadPoolExecutor.java:635)
	at java.base/java.lang.Thread.run(Thread.java:833)
]]></failure>
    <system-out><![CDATA[2025-08-10 20:07:55.719 [TestNG-test-Player Controller Tests-1] INFO  a.PlayerCreateTest - Cleaning up 2 created players
2025-08-10 20:07:55.720 [TestNG-test-Player Controller Tests-1] INFO  a.c.RestClient - Deleting player with editor: supervisor, playerId: 926438164
2025-08-10 20:07:55.721 [TestNG-test-Player Controller Tests-1] INFO  a.c.RestClient - HTTP DELETE /player/delete/{editor}
Request method:	DELETE
Request URI:	http://3.68.165.45/player/delete/supervisor
Proxy:			<none>
Request params:	<none>
Query params:	<none>
Form params:	<none>
Path params:	editor=supervisor
Headers:		Accept=*/*
				Content-Type=application/json
Cookies:		<none>
Multiparts:		<none>
Body:
{
    "playerId": 926438164
}
2025-08-10 20:07:55.730 [TestNG-test-Player Controller Tests-2] INFO  a.c.RestClient - HTTP GET /player/create/{editor} -> 200 (59 ms)
HTTP/1.1 200 
Content-Type: application/json
Transfer-Encoding: chunked
Date: Sun, 10 Aug 2025 17:08:04 GMT
Keep-Alive: timeout=60
Connection: keep-alive

{
    "id": 1936633206,
    "login": "adrian.douglas",
    "password": null,
    "screenName": null,
    "gender": null,
    "age": null,
    "role": null
}
2025-08-10 20:07:55.731 [TestNG-test-Player Controller Tests-2] INFO  a.PlayerControllerTest - Created admin with ID: 1936633206
2025-08-10 20:07:55.731 [TestNG-test-Player Controller Tests-2] INFO  a.c.RestClient - Getting player with ID: 1834400328
2025-08-10 20:07:55.732 [TestNG-test-Player Controller Tests-2] INFO  a.c.RestClient - HTTP POST /player/get
Request method:	POST
Request URI:	http://3.68.165.45/player/get
Proxy:			<none>
Request params:	<none>
Query params:	<none>
Form params:	<none>
Path params:	<none>
Headers:		Accept=*/*
				Content-Type=application/json
Cookies:		<none>
Multiparts:		<none>
Body:
{
    "playerId": 1834400328
}
2025-08-10 20:07:55.830 [TestNG-test-Player Controller Tests-2] INFO  a.c.RestClient - HTTP POST /player/get -> 200 (62 ms)
HTTP/1.1 200 
Content-Type: application/json
Transfer-Encoding: chunked
Date: Sun, 10 Aug 2025 17:08:04 GMT
Keep-Alive: timeout=60
Connection: keep-alive

{
    "id": 1834400328,
    "login": "melinda.tromp",
    "password": "b4cffs1Hshb08",
    "screenName": "77f12de3",
    "gender": "female",
    "age": 25,
    "role": "user"
}
2025-08-10 20:07:55.832 [TestNG-test-Player Controller Tests-2] INFO  a.PlayerControllerTest - Successfully verified first user data isolation
2025-08-10 20:07:55.832 [TestNG-test-Player Controller Tests-2] INFO  a.c.RestClient - Getting player with ID: 1957133727
2025-08-10 20:07:55.832 [TestNG-test-Player Controller Tests-2] INFO  a.c.RestClient - HTTP POST /player/get
2025-08-10 20:07:55.837 [TestNG-test-Player Controller Tests-1] INFO  a.c.RestClient - HTTP DELETE /player/delete/{editor} -> 204 (67 ms)
Request method:	POST
Request URI:	http://3.68.165.45/player/get
Proxy:			<none>
Request params:	<none>
Query params:	<none>
Form params:	<none>
Path params:	<none>
Headers:		Accept=*/*
				Content-Type=application/json
Cookies:		<none>
Multiparts:		<none>
Body:
{
    "playerId": 1957133727
}
HTTP/1.1 204 
Date: Sun, 10 Aug 2025 17:08:04 GMT
Keep-Alive: timeout=60
Connection: keep-alive
2025-08-10 20:07:55.838 [TestNG-test-Player Controller Tests-1] INFO  a.PlayerCreateTest - Cleaned up player with ID: 926438164
2025-08-10 20:07:55.839 [TestNG-test-Player Controller Tests-1] INFO  a.c.RestClient - Deleting player with editor: supervisor, playerId: 926438164
2025-08-10 20:07:55.840 [TestNG-test-Player Controller Tests-1] INFO  a.c.RestClient - HTTP DELETE /player/delete/{editor}
Request method:	DELETE
Request URI:	http://3.68.165.45/player/delete/supervisor
Proxy:			<none>
Request params:	<none>
Query params:	<none>
Form params:	<none>
Path params:	editor=supervisor
Headers:		Accept=*/*
				Content-Type=application/json
Cookies:		<none>
Multiparts:		<none>
Body:
{
    "playerId": 926438164
}
2025-08-10 20:07:55.933 [TestNG-test-Player Controller Tests-2] INFO  a.c.RestClient - HTTP POST /player/get -> 200 (65 ms)
HTTP/1.1 200 
Content-Type: application/json
Transfer-Encoding: chunked
Date: Sun, 10 Aug 2025 17:08:04 GMT
Keep-Alive: timeout=60
Connection: keep-alive

{
    "id": 1957133727,
    "login": "art.kris",
    "password": "HFlMgpqS4",
    "screenName": "12f4daaa",
    "gender": "female",
    "age": 28,
    "role": "user"
}
2025-08-10 20:07:55.934 [TestNG-test-Player Controller Tests-2] INFO  a.PlayerControllerTest - Successfully verified second user data isolation
2025-08-10 20:07:55.935 [TestNG-test-Player Controller Tests-2] INFO  a.c.RestClient - Getting player with ID: 1936633206
2025-08-10 20:07:55.935 [TestNG-test-Player Controller Tests-2] INFO  a.c.RestClient - HTTP POST /player/get
2025-08-10 20:07:55.936 [TestNG-test-Player Controller Tests-1] INFO  a.c.RestClient - HTTP DELETE /player/delete/{editor} -> 403 (61 ms)
HTTP/1.1 403 
Content-Length: 0
Date: Sun, 10 Aug 2025 17:08:04 GMT
Keep-Alive: timeout=60
Connection: keep-alive
2025-08-10 20:07:55.937 [TestNG-test-Player Controller Tests-1] INFO  a.PlayerCreateTest - Cleaned up player with ID: 926438164
Request method:	POST
Request URI:	http://3.68.165.45/player/get
Proxy:			<none>
Request params:	<none>
Query params:	<none>
Form params:	<none>
Path params:	<none>
Headers:		Accept=*/*
				Content-Type=application/json
Cookies:		<none>
Multiparts:		<none>
Body:
{
    "playerId": 1936633206
}
2025-08-10 20:07:55.950 [TestNG-test-Player Controller Tests-1] INFO  a.PlayerCreateTest - Setting up PlayerCreateTest
2025-08-10 20:07:55.952 [TestNG-test-Player Controller Tests-1] INFO  a.c.RestClient - Initializing RestClient with baseUri=http://3.68.165.45, contentType=application/json
2025-08-10 20:07:55.954 [TestNG-test-Player Controller Tests-1] INFO  a.c.RestClient - Creating player with editor: supervisor, player: Player{age=57, gender='male', login='christa.schultz', role='user', screenName='83467eba'}
2025-08-10 20:07:55.954 [TestNG-test-Player Controller Tests-1] INFO  a.c.RestClient - HTTP GET /player/create/{editor}
Request method:	GET
Request URI:	http://3.68.165.45/player/create/supervisor?password=RAs4wg4mMzfC95&role=user&gender=male&screenName=83467eba&login=christa.schultz&age=57
Proxy:			<none>
Request params:	<none>
Query params:	password=RAs4wg4mMzfC95
				role=user
				gender=male
				screenName=83467eba
				login=christa.schultz
				age=57
Form params:	<none>
Path params:	editor=supervisor
Headers:		Accept=*/*
				Content-Type=application/json
Cookies:		<none>
Multiparts:		<none>
Body:			<none>
2025-08-10 20:07:56.093 [TestNG-test-Player Controller Tests-1] INFO  a.c.RestClient - HTTP GET /player/create/{editor} -> 200 (61 ms)
HTTP/1.1 200 
Content-Type: application/json
Transfer-Encoding: chunked
Date: Sun, 10 Aug 2025 17:08:04 GMT
Keep-Alive: timeout=60
Connection: keep-alive

{
    "id": 260030785,
    "login": "christa.schultz",
    "password": null,
    "screenName": null,
    "gender": null,
    "age": null,
    "role": null
}
2025-08-10 20:07:56.094 [TestNG-test-Player Controller Tests-1] INFO  a.PlayerCreateTest - Created first player with ID: 260030785
2025-08-10 20:07:56.113 [TestNG-test-Player Controller Tests-1] INFO  a.PlayerCreateTest - Testing player creation with duplicate screenName
2025-08-10 20:07:56.115 [TestNG-test-Player Controller Tests-1] INFO  a.c.RestClient - Creating player with editor: supervisor, player: Player{age=17, gender='female', login='aleshia.considine', role='user', screenName='83467eba'}
2025-08-10 20:07:56.115 [TestNG-test-Player Controller Tests-1] INFO  a.c.RestClient - HTTP GET /player/create/{editor}
Request method:	GET
Request URI:	http://3.68.165.45/player/create/supervisor?password=npfXb3nYnb9r5Xt&role=user&gender=female&screenName=83467eba&login=aleshia.considine&age=17
Proxy:			<none>
Request params:	<none>
Query params:	password=npfXb3nYnb9r5Xt
				role=user
				gender=female
				screenName=83467eba
				login=aleshia.considine
				age=17
Form params:	<none>
Path params:	editor=supervisor
Headers:		Accept=*/*
				Content-Type=application/json
Cookies:		<none>
Multiparts:		<none>
Body:			<none>
2025-08-10 20:07:56.222 [TestNG-test-Player Controller Tests-1] INFO  a.c.RestClient - HTTP GET /player/create/{editor} -> 200 (70 ms)
HTTP/1.1 200 
Content-Type: application/json
Transfer-Encoding: chunked
Date: Sun, 10 Aug 2025 17:08:04 GMT
Keep-Alive: timeout=60
Connection: keep-alive

{
    "id": 928589741,
    "login": "aleshia.considine",
    "password": null,
    "screenName": null,
    "gender": null,
    "age": null,
    "role": null
}
]]></system-out>
  </testcase>
  <testcase name="testCreatePlayerWithAdminRole" classname="api.PlayerCreateTest" time="0.115">
    <system-out><![CDATA[2025-08-10 20:07:56.235 [TestNG-test-Player Controller Tests-1] INFO  a.PlayerCreateTest - Cleaning up 2 created players
2025-08-10 20:07:56.235 [TestNG-test-Player Controller Tests-1] INFO  a.c.RestClient - Deleting player with editor: supervisor, playerId: 260030785
2025-08-10 20:07:56.235 [TestNG-test-Player Controller Tests-1] INFO  a.c.RestClient - HTTP DELETE /player/delete/{editor}
Request method:	DELETE
Request URI:	http://3.68.165.45/player/delete/supervisor
Proxy:			<none>
Request params:	<none>
Query params:	<none>
Form params:	<none>
Path params:	editor=supervisor
Headers:		Accept=*/*
				Content-Type=application/json
Cookies:		<none>
Multiparts:		<none>
Body:
{
    "playerId": 260030785
}
2025-08-10 20:07:56.334 [TestNG-test-Player Controller Tests-1] INFO  a.c.RestClient - HTTP DELETE /player/delete/{editor} -> 204 (66 ms)
HTTP/1.1 204 
Date: Sun, 10 Aug 2025 17:08:05 GMT
Keep-Alive: timeout=60
Connection: keep-alive
2025-08-10 20:07:56.334 [TestNG-test-Player Controller Tests-1] INFO  a.PlayerCreateTest - Cleaned up player with ID: 260030785
2025-08-10 20:07:56.336 [TestNG-test-Player Controller Tests-1] INFO  a.c.RestClient - Deleting player with editor: supervisor, playerId: 260030785
2025-08-10 20:07:56.336 [TestNG-test-Player Controller Tests-1] INFO  a.c.RestClient - HTTP DELETE /player/delete/{editor}
Request method:	DELETE
Request URI:	http://3.68.165.45/player/delete/supervisor
Proxy:			<none>
Request params:	<none>
Query params:	<none>
Form params:	<none>
Path params:	editor=supervisor
Headers:		Accept=*/*
				Content-Type=application/json
Cookies:		<none>
Multiparts:		<none>
Body:
{
    "playerId": 260030785
}
2025-08-10 20:07:56.425 [TestNG-test-Player Controller Tests-1] INFO  a.c.RestClient - HTTP DELETE /player/delete/{editor} -> 403 (59 ms)
HTTP/1.1 403 
Content-Length: 0
Date: Sun, 10 Aug 2025 17:08:05 GMT
Keep-Alive: timeout=60
Connection: keep-alive
2025-08-10 20:07:56.425 [TestNG-test-Player Controller Tests-1] INFO  a.PlayerCreateTest - Cleaned up player with ID: 260030785
2025-08-10 20:07:56.437 [TestNG-test-Player Controller Tests-1] INFO  a.PlayerCreateTest - Setting up PlayerCreateTest
[...]
	at java.base/java.util.concurrent.ThreadPoolExecutor.runWorker(ThreadPoolExecutor.java:1136)
	at java.base/java.util.concurrent.ThreadPoolExecutor$Worker.run(ThreadPoolExecutor.java:635)
	at java.base/java.lang.Thread.run(Thread.java:833)
]]></failure>
    <system-out><![CDATA[2025-08-10 20:08:28.697 [TestNG-test-Player Controller Tests-1] INFO  a.PlayerUpdateTest - Cleaning up 0 created players
2025-08-10 20:08:28.707 [TestNG-test-Player Controller Tests-1] INFO  a.PlayerUpdateTest - Setting up PlayerUpdateTest
2025-08-10 20:08:28.707 [TestNG-test-Player Controller Tests-1] INFO  a.c.RestClient - Initializing RestClient with baseUri=http://3.68.165.45, contentType=application/json
2025-08-10 20:08:28.708 [TestNG-test-Player Controller Tests-1] INFO  a.c.RestClient - Creating player with editor: supervisor, player: Player{age=16, gender='female', login='minerva.blick', role='user', screenName='bae4f3cc'}
2025-08-10 20:08:28.708 [TestNG-test-Player Controller Tests-1] INFO  a.c.RestClient - HTTP GET /player/create/{editor}
Request method:	GET
Request URI:	http://3.68.165.45/player/create/supervisor?password=zy7II13vadcl4c1&role=user&gender=female&screenName=bae4f3cc&login=minerva.blick&age=16
Proxy:			<none>
Request params:	<none>
Query params:	password=zy7II13vadcl4c1
				role=user
				gender=female
				screenName=bae4f3cc
				login=minerva.blick
				age=16
Form params:	<none>
Path params:	editor=supervisor
Headers:		Accept=*/*
				Content-Type=application/json
Cookies:		<none>
Multiparts:		<none>
Body:			<none>
2025-08-10 20:08:28.722 [TestNG-test-Player Controller Tests-3] INFO  a.c.RestClient - HTTP GET /player/create/{editor} -> 400 (61 ms)
HTTP/1.1 400 
Content-Length: 0
Date: Sun, 10 Aug 2025 17:08:37 GMT
Connection: close
]]></system-out>
  </testcase>
  <testcase name="setUp" classname="api.PlayerUpdateTest" time="0.0">
    <skipped/>
  </testcase>
  <testcase name="setUp" classname="api.PlayerUpdateTest" time="0.023">
    <failure message="User should be created. expected [200] but found [400]" type="java.lang.AssertionError"><![CDATA[java.lang.AssertionError: User should be created. expected [200] but found [400]
	at org.testng.Assert.fail(Assert.java:111)
	at org.testng.Assert.failNotEquals(Assert.java:1578)
	at org.testng.Assert.assertEqualsImpl(Assert.java:150)
	at org.testng.Assert.assertEquals(Assert.java:132)
	at org.testng.Assert.assertEquals(Assert.java:1419)
	at org.testng.Assert.assertEquals(Assert.java:1383)
	at api.PlayerUpdateTest.createAndVerifyPlayer(PlayerUpdateTest.java:258)
	at api.PlayerUpdateTest.setUp(PlayerUpdateTest.java:37)
	at java.base/jdk.internal.reflect.DirectMethodHandleAccessor.invoke(DirectMethodHandleAccessor.java:104)
	at java.base/java.lang.reflect.Method.invoke(Method.java:577)
	at org.testng.internal.invokers.MethodInvocationHelper.invokeMethod(MethodInvocationHelper.java:139)
	at org.testng.internal.invokers.MethodInvocationHelper.invokeMethodConsideringTimeout(MethodInvocationHelper.java:69)
	at org.testng.internal.invokers.ConfigInvoker.invokeConfigurationMethod(ConfigInvoker.java:393)
	at org.testng.internal.invokers.ConfigInvoker.invokeConfigurations(ConfigInvoker.java:326)
	at org.testng.internal.invokers.TestInvoker.runConfigMethods(TestInvoker.java:810)
	at org.testng.internal.invokers.TestInvoker.invokeMethod(TestInvoker.java:578)
	at org.testng.internal.invokers.TestInvoker.invokeTestMethod(TestInvoker.java:228)
	at org.testng.internal.invokers.MethodRunner.runInSequence(MethodRunner.java:63)
	at org.testng.internal.invokers.TestInvoker$MethodInvocationAgent.invoke(TestInvoker.java:961)
	at org.testng.internal.invokers.TestInvoker.invokeTestMethods(TestInvoker.java:201)
	at org.testng.internal.invokers.TestMethodWorker.invokeTestMethods(TestMethodWorker.java:148)
	at org.testng.internal.invokers.TestMethodWorker.run(TestMethodWorker.java:128)
	at java.base/java.util.concurrent.Executors$RunnableAdapter.call(Executors.java:539)
	at java.base/java.util.concurrent.FutureTask.run(FutureTask.java:264)
	at org.testng.internal.thread.graph.TestNGFutureTask.run(TestNGFutureTask.java:22)
	at java.base/java.util.concurrent.ThreadPoolExecutor.runWorker(ThreadPoolExecutor.java:1136)
	at java.base/java.util.concurrent.ThreadPoolExecutor$Worker.run(ThreadPoolExecutor.java:635)
	at java.base/java.lang.Thread.run(Thread.java:833)
]]></failure>
    <system-out><![CDATA[2025-08-10 20:08:28.783 [TestNG-test-Player Controller Tests-2] INFO  a.PlayerUpdateTest - Setting up PlayerUpdateTest
2025-08-10 20:08:28.783 [TestNG-test-Player Controller Tests-2] INFO  a.c.RestClient - Initializing RestClient with baseUri=http://3.68.165.45, contentType=application/json
2025-08-10 20:08:28.785 [TestNG-test-Player Controller Tests-2] INFO  a.c.RestClient - Creating player with editor: supervisor, player: Player{age=25, gender='female', login='israel.simonis', role='user', screenName='5bab2774'}
2025-08-10 20:08:28.785 [TestNG-test-Player Controller Tests-2] INFO  a.c.RestClient - HTTP GET /player/create/{editor}
Request method:	GET
Request URI:	http://3.68.165.45/player/create/supervisor?password=KfzOVQt3Q11zDxM&role=user&gender=female&screenName=5bab2774&login=israel.simonis&age=25
Proxy:			<none>
Request params:	<none>
Query params:	password=KfzOVQt3Q11zDxM
				role=user
				gender=female
				screenName=5bab2774
				login=israel.simonis
				age=25
Form params:	<none>
Path params:	editor=supervisor
Headers:		Accept=*/*
				Content-Type=application/json
Cookies:		<none>
Multiparts:		<none>
Body:			<none>
2025-08-10 20:08:28.802 [TestNG-test-Player Controller Tests-1] INFO  a.c.RestClient - HTTP GET /player/create/{editor} -> 400 (67 ms)
HTTP/1.1 400 
Content-Length: 0
Date: Sun, 10 Aug 2025 17:08:37 GMT
Connection: close
]]></system-out>
  </testcase>
  <testcase name="testUpdatePlayerWithInvalidPassword" classname="api.PlayerUpdateTest" time="0.0">
    <skipped message="User should be created. expected [200] but found [400]"/>
  </testcase>
  <testcase name="testUpdatePlayerWithAdminEditor" classname="api.PlayerUpdateTest" time="0.023">
    <system-out><![CDATA[2025-08-10 20:08:28.758 [TestNG-test-Player Controller Tests-2] INFO  a.c.RestClient - HTTP POST /player/get -> 200 (10070 ms)
HTTP/1.1 200 
Content-Type: application/json
Transfer-Encoding: chunked
Date: Sun, 10 Aug 2025 17:08:37 GMT
Keep-Alive: timeout=60
Connection: keep-alive

{
    "id": 1908382253,
    "login": "mana.zemlak",
    "password": "r5fMbni",
    "screenName": "de2d1a83",
    "gender": "female",
    "age": 40,
    "role": "user"
}
2025-08-10 20:08:28.758 [TestNG-test-Player Controller Tests-2] INFO  a.PlayerUpdateTest - Successfully verified field update: age = 40
]]></system-out>
  </testcase>
  <testcase name="tearDown" classname="api.PlayerUpdateTest" time="0.0">
    <skipped/>
  </testcase>
  <testcase name="tearDown" classname="api.PlayerUpdateTest" time="0.0">
    <skipped/>
  </testcase>
  <testcase name="tearDown" classname="api.PlayerUpdateTest" time="0.0">
    <skipped/>
  </testcase>
  <testcase name="tearDown" classname="api.PlayerUpdateTest" time="0.0">
    <skipped/>
  </testcase>
  <testcase name="testUserCanUpdateOwnProfile" classname="api.PlayerUpdateTest" time="0.0">
    <skipped message="User should be created. expected [200] but found [400]"/>
  </testcase>
  <testcase name="testUpdatePlayerWithNonExistentEditor" classname="api.PlayerUpdateTest" time="0.0">
    <skipped message="User should be created. expected [200] but found [400]"/>
    <system-out><![CDATA[2025-08-10 20:08:28.825 [TestNG-test-Player Controller Tests-3] INFO  a.PlayerUpdateTest - Setting up PlayerUpdateTest
2025-08-10 20:08:28.825 [TestNG-test-Player Controller Tests-3] INFO  a.c.RestClient - Initializing RestClient with baseUri=http://3.68.165.45, contentType=application/json
2025-08-10 20:08:28.825 [TestNG-test-Player Controller Tests-3] INFO  a.c.RestClient - Creating player with editor: supervisor, player: Player{age=36, gender='female', login='ahmed.ward', role='user', screenName='54f81b36'}
2025-08-10 20:08:28.825 [TestNG-test-Player Controller Tests-3] INFO  a.c.RestClient - HTTP GET /player/create/{editor}
Request method:	GET
Request URI:	http://3.68.165.45/player/create/supervisor?password=F2wZ8jK9g2Z&role=user&gender=female&screenName=54f81b36&login=ahmed.ward&age=36
Proxy:			<none>
Request params:	<none>
Query params:	password=F2wZ8jK9g2Z
				role=user
				gender=female
				screenName=54f81b36
				login=ahmed.ward
				age=36
Form params:	<none>
Path params:	editor=supervisor
Headers:		Accept=*/*
				Content-Type=application/json
Cookies:		<none>
Multiparts:		<none>
Body:			<none>
]]></system-out>
  </testcase>
  <testcase name="testUpdatePlayerWithUserEditor" classname="api.PlayerUserEditorNegativeTest" time="0.048">
    <failure message="Expected HTTP status code 403, but was 200 expected [403] but found [200]" type="java.lang.AssertionError"><![CDATA[java.lang.AssertionError: Expected HTTP status code 403, but was 200 expected [403] but found [200]
	at org.testng.Assert.fail(Assert.java:111)
	at org.testng.Assert.failNotEquals(Assert.java:1578)
	at org.testng.Assert.assertEqualsImpl(Assert.java:150)
	at org.testng.Assert.assertEquals(Assert.java:132)
	at org.testng.Assert.assertEquals(Assert.java:1419)
	at org.testng.Assert.assertEquals(Assert.java:1383)
	at api.client.ResponseWrapper.expectingStatusCode(ResponseWrapper.java:49)
	at api.PlayerUserEditorNegativeTest.assertUpdatePlayerWithAuthorizationError(PlayerUserEditorNegativeTest.java:107)
	at api.PlayerUserEditorNegativeTest.testUpdatePlayerWithUserEditor(PlayerUserEditorNegativeTest.java:72)
	at java.base/jdk.internal.reflect.DirectMethodHandleAccessor.invoke(DirectMethodHandleAccessor.java:104)
	at java.base/java.lang.reflect.Method.invoke(Method.java:577)
	at org.testng.internal.invokers.MethodInvocationHelper.invokeMethod(MethodInvocationHelper.java:139)
	at org.testng.internal.invokers.TestInvoker.invokeMethod(TestInvoker.java:664)
	at org.testng.internal.invokers.TestInvoker.invokeTestMethod(TestInvoker.java:228)
	at org.testng.internal.invokers.MethodRunner.runInSequence(MethodRunner.java:63)
	at org.testng.internal.invokers.TestInvoker$MethodInvocationAgent.invoke(TestInvoker.java:961)
	at org.testng.internal.invokers.TestInvoker.invokeTestMethods(TestInvoker.java:201)
	at org.testng.internal.invokers.TestMethodWorker.invokeTestMethods(TestMethodWorker.java:148)
	at org.testng.internal.invokers.TestMethodWorker.run(TestMethodWorker.java:128)
	at java.base/java.util.concurrent.Executors$RunnableAdapter.call(Executors.java:539)
	at java.base/java.util.concurrent.FutureTask.run(FutureTask.java:264)
	at org.testng.internal.thread.graph.TestNGFutureTask.run(TestNGFutureTask.java:22)
	at java.base/java.util.concurrent.ThreadPoolExecutor.runWorker(ThreadPoolExecutor.java:1136)
	at java.base/java.util.concurrent.ThreadPoolExecutor$Worker.run(ThreadPoolExecutor.java:635)
	at java.base/java.lang.Thread.run(Thread.java:833)
]]></failure>
    <system-out><![CDATA[2025-08-10 20:08:28.899 [TestNG-test-Player Controller Tests-2] INFO  a.c.RestClient - HTTP GET /player/create/{editor} -> 200 (78 ms)
HTTP/1.1 200 
Content-Type: application/json
Transfer-Encoding: chunked
Date: Sun, 10 Aug 2025 17:08:37 GMT
Keep-Alive: timeout=60
Connection: keep-alive

{
    "id": 1596451795,
    "login": "israel.simonis",
    "password": null,
    "screenName": null,
    "gender": null,
    "age": null,
    "role": null
}
2025-08-10 20:08:28.899 [TestNG-test-Player Controller Tests-2] INFO  a.PlayerUpdateTest - Created test player with ID: 1596451795
2025-08-10 20:08:28.901 [TestNG-test-Player Controller Tests-2] INFO  a.c.RestClient - Creating player with editor: supervisor, player: Player{age=54, gender='female', login='bunny.nader', role='user', screenName='74141c30'}
2025-08-10 20:08:28.901 [TestNG-test-Player Controller Tests-2] INFO  a.c.RestClient - HTTP GET /player/create/{editor}
Request method:	GET
Request URI:	http://3.68.165.45/player/create/supervisor?password=29P483D72Yq7ock&role=user&gender=female&screenName=74141c30&login=bunny.nader&age=54
Proxy:			<none>
Request params:	<none>
Query params:	password=29P483D72Yq7ock
				role=user
				gender=female
				screenName=74141c30
				login=bunny.nader
				age=54
Form params:	<none>
Path params:	editor=supervisor
Headers:		Accept=*/*
				Content-Type=application/json
Cookies:		<none>
Multiparts:		<none>
Body:			<none>
2025-08-10 20:08:28.934 [TestNG-test-Player Controller Tests-3] INFO  a.c.RestClient - HTTP GET /player/create/{editor} -> 200 (79 ms)
HTTP/1.1 200 
Content-Type: application/json
Transfer-Encoding: chunked
Date: Sun, 10 Aug 2025 17:08:37 GMT
Keep-Alive: timeout=60
Connection: keep-alive

{
    "id": 1967913744,
    "login": "ahmed.ward",
    "password": null,
    "screenName": null,
    "gender": null,
    "age": null,
    "role": null
}
2025-08-10 20:08:28.935 [TestNG-test-Player Controller Tests-3] INFO  a.PlayerUpdateTest - Created test player with ID: 1967913744
2025-08-10 20:08:28.936 [TestNG-test-Player Controller Tests-3] INFO  a.c.RestClient - Creating player with editor: supervisor, player: Player{age=53, gender='male', login='kennith.lueilwitz', role='user', screenName='2a50af29'}
2025-08-10 20:08:28.936 [TestNG-test-Player Controller Tests-3] INFO  a.c.RestClient - HTTP GET /player/create/{editor}
Request method:	GET
Request URI:	http://3.68.165.45/player/create/supervisor?password=w0W0FlDZx9jW&role=user&gender=male&screenName=2a50af29&login=kennith.lueilwitz&age=53
Proxy:			<none>
Request params:	<none>
Query params:	password=w0W0FlDZx9jW
				role=user
				gender=male
				screenName=2a50af29
				login=kennith.lueilwitz
				age=53
Form params:	<none>
Path params:	editor=supervisor
Headers:		Accept=*/*
				Content-Type=application/json
Cookies:		<none>
Multiparts:		<none>
Body:			<none>
2025-08-10 20:08:28.990 [TestNG-test-Player Controller Tests-2] INFO  a.c.RestClient - HTTP GET /player/create/{editor} -> 200 (59 ms)
HTTP/1.1 200 
Content-Type: application/json
Transfer-Encoding: chunked
Date: Sun, 10 Aug 2025 17:08:37 GMT
Keep-Alive: timeout=60
Connection: keep-alive

{
    "id": 601220217,
    "login": "bunny.nader",
    "password": null,
    "screenName": null,
    "gender": null,
    "age": null,
    "role": null
}
2025-08-10 20:08:28.991 [TestNG-test-Player Controller Tests-2] INFO  a.PlayerUpdateTest - Created target player with ID: 601220217
2025-08-10 20:08:29.003 [TestNG-test-Player Controller Tests-2] INFO  a.PlayerUpdateTest - Testing update player with user editor (unauthorized)
2025-08-10 20:08:29.003 [TestNG-test-Player Controller Tests-2] INFO  a.c.RestClient - Updating player with editor: ahmed.ward, playerId: 601220217, player: Player{age=25, gender='null', login='null', role='null', screenName='null'}
2025-08-10 20:08:29.003 [TestNG-test-Player Controller Tests-2] INFO  a.c.RestClient - HTTP PATCH /player/update/{editor}/{id}
Request method:	PATCH
Request URI:	http://3.68.165.45/player/update/ahmed.ward/601220217
Proxy:			<none>
Request params:	<none>
Query params:	<none>
Form params:	<none>
Path params:	editor=ahmed.ward
				id=601220217
Headers:		Accept=*/*
				Content-Type=application/json
Cookies:		<none>
Multiparts:		<none>
Body:
{
    "age": 25
}
2025-08-10 20:08:29.026 [TestNG-test-Player Controller Tests-3] INFO  a.c.RestClient - HTTP GET /player/create/{editor} -> 200 (62 ms)
HTTP/1.1 200 
Content-Type: application/json
Transfer-Encoding: chunked
Date: Sun, 10 Aug 2025 17:08:37 GMT
Keep-Alive: timeout=60
Connection: keep-alive

{
    "id": 1726234102,
    "login": "kennith.lueilwitz",
    "password": null,
    "screenName": null,
    "gender": null,
    "age": null,
    "role": null
}
2025-08-10 20:08:29.027 [TestNG-test-Player Controller Tests-3] INFO  a.PlayerUpdateTest - Created target player with ID: 1726234102
2025-08-10 20:08:29.039 [TestNG-test-Player Controller Tests-3] INFO  a.PlayerUpdateTest - Testing user cannot delete other users
2025-08-10 20:08:29.039 [TestNG-test-Player Controller Tests-3] INFO  a.c.RestClient - Deleting player with editor: ahmed.ward, playerId: 1726234102
2025-08-10 20:08:29.040 [TestNG-test-Player Controller Tests-3] INFO  a.c.RestClient - HTTP DELETE /player/delete/{editor}
Request method:	DELETE
Request URI:	http://3.68.165.45/player/delete/ahmed.ward
Proxy:			<none>
Request params:	<none>
Query params:	<none>
Form params:	<none>
Path params:	editor=ahmed.ward
Headers:		Accept=*/*
				Content-Type=application/json
Cookies:		<none>
Multiparts:		<none>
Body:
{
    "playerId": 1726234102
}
2025-08-10 20:08:29.086 [TestNG-test-Player Controller Tests-2] INFO  a.c.RestClient - HTTP PATCH /player/update/{editor}/{id} -> 200 (58 ms)
]]></system-out>
  </testcase>
  <testcase name="testUserCannotDeleteOtherUsers" classname="api.PlayerUserEditorNegativeTest" time="0.09">
    <failure message="Status code should be 403 when user tries to delete another user expected [403] but found [204]" type="java.lang.AssertionError"><![CDATA[java.lang.AssertionError: Status code should be 403 when user tries to delete another user expected [403] but found [204]
	at org.testng.Assert.fail(Assert.java:111)
	at org.testng.Assert.failNotEquals(Assert.java:1578)
	at org.testng.Assert.assertEqualsImpl(Assert.java:150)
	at org.testng.Assert.assertEquals(Assert.java:132)
	at org.testng.Assert.assertEquals(Assert.java:1419)
	at org.testng.Assert.assertEquals(Assert.java:1383)
	at api.PlayerUserEditorNegativeTest.testUserCannotDeleteOtherUsers(PlayerUserEditorNegativeTest.java:84)
	at java.base/jdk.internal.reflect.DirectMethodHandleAccessor.invoke(DirectMethodHandleAccessor.java:104)
	at java.base/java.lang.reflect.Method.invoke(Method.java:577)
	at org.testng.internal.invokers.MethodInvocationHelper.invokeMethod(MethodInvocationHelper.java:139)
	at org.testng.internal.invokers.TestInvoker.invokeMethod(TestInvoker.java:664)
	at org.testng.internal.invokers.TestInvoker.invokeTestMethod(TestInvoker.java:228)
	at org.testng.internal.invokers.MethodRunner.runInSequence(MethodRunner.java:63)
	at org.testng.internal.invokers.TestInvoker$MethodInvocationAgent.invoke(TestInvoker.java:961)
	at org.testng.internal.invokers.TestInvoker.invokeTestMethods(TestInvoker.java:201)
	at org.testng.internal.invokers.TestMethodWorker.invokeTestMethods(TestMethodWorker.java:148)
	at org.testng.internal.invokers.TestMethodWorker.run(TestMethodWorker.java:128)
	at java.base/java.util.concurrent.Executors$RunnableAdapter.call(Executors.java:539)
	at java.base/java.util.concurrent.FutureTask.run(FutureTask.java:264)
	at org.testng.internal.thread.graph.TestNGFutureTask.run(TestNGFutureTask.java:22)
	at java.base/java.util.concurrent.ThreadPoolExecutor.runWorker(ThreadPoolExecutor.java:1136)
	at java.base/java.util.concurrent.ThreadPoolExecutor$Worker.run(ThreadPoolExecutor.java:635)
	at java.base/java.lang.Thread.run(Thread.java:833)
]]></failure>
    <system-out><![CDATA[2025-08-10 20:08:29.095 [TestNG-test-Player Controller Tests-2] INFO  a.PlayerUpdateTest - Cleaning up 8 created players
2025-08-10 20:08:29.096 [TestNG-test-Player Controller Tests-2] INFO  a.c.RestClient - Deleting player with editor: supervisor, playerId: 1596451795
2025-08-10 20:08:29.096 [TestNG-test-Player Controller Tests-2] INFO  a.c.RestClient - HTTP DELETE /player/delete/{editor}
Request method:	DELETE
Request URI:	http://3.68.165.45/player/delete/supervisor
Proxy:			<none>
Request params:	<none>
Query params:	<none>
Form params:	<none>
Path params:	editor=supervisor
Headers:		Accept=*/*
				Content-Type=application/json
Cookies:		<none>
Multiparts:		<none>
Body:
{
    "playerId": 1596451795
}
2025-08-10 20:08:29.128 [TestNG-test-Player Controller Tests-3] INFO  a.c.RestClient - HTTP DELETE /player/delete/{editor} -> 204 (62 ms)
HTTP/1.1 204 
Date: Sun, 10 Aug 2025 17:08:37 GMT
Keep-Alive: timeout=60
Connection: keep-alive
]]></system-out>
  </testcase>
</testsuite>